E:\chatbot\Controllers\ChattingController.cs
E:\chatbot\Controllers\QuestionController.cs
E:\chatbot\Controllers\apicontroller.cs
E:\chatbot\Controllers\ewcontroller.cs
E:\chatbot\Models\Chatting.cs
E:\chatbot\Models\Config.cs
E:\chatbot\Models\Error.cs
E:\chatbot\Models\GlobalUsings.cs
E:\chatbot\Models\Question.cs
E:\chatbot\Models\QuestionAdd.cs
E:\chatbot\Models\QuestionDelete.cs
E:\chatbot\Models\QuestionEdit.cs
E:\chatbot\Models\QuestionList.cs
E:\chatbot\Models\QuestionView.cs
E:\chatbot\Models\aspnetfn.cs
E:\chatbot\Models\index.cs
E:\chatbot\Models\login.cs
E:\chatbot\Models\logout.cs
E:\chatbot\Models\src\AbstractExport.cs
E:\chatbot\Models\src\AbstractExportBase.cs
E:\chatbot\Models\src\AbstractTwoFactorAuthentication.cs
E:\chatbot\Models\src\AdvancedFilter.cs
E:\chatbot\Models\src\AdvancedSearch.cs
E:\chatbot\Models\src\AdvancedSecurity.cs
E:\chatbot\Models\src\AdvancedSecurityBase.cs
E:\chatbot\Models\src\Aes.cs
E:\chatbot\Models\src\ApplicationRole.cs
E:\chatbot\Models\src\ApplicationUser.cs
E:\chatbot\Models\src\AspNetMakerPage.cs
E:\chatbot\Models\src\Attributes.cs
E:\chatbot\Models\src\AuthenticationProvider.cs
E:\chatbot\Models\src\AutofacModule.cs
E:\chatbot\Models\src\AzureEmail.cs
E:\chatbot\Models\src\BasicSearch.cs
E:\chatbot\Models\src\BitBool.cs
E:\chatbot\Models\src\Breadcrumb.cs
E:\chatbot\Models\src\BreadcrumbLink.cs
E:\chatbot\Models\src\CaptchaBase.cs
E:\chatbot\Models\src\ChartDataComparer.cs
E:\chatbot\Models\src\ChartExporter.cs
E:\chatbot\Models\src\ChartJsRenderer.cs
E:\chatbot\Models\src\ChartParameter.cs
E:\chatbot\Models\src\ChartTypes.cs
E:\chatbot\Models\src\CitextString.cs
E:\chatbot\Models\src\CrosstabColumn.cs
E:\chatbot\Models\src\CrosstabTable.cs
E:\chatbot\Models\src\CssParser.cs
E:\chatbot\Models\src\CustomMySqlCompiler.cs
E:\chatbot\Models\src\CustomOracleCompiler.cs
E:\chatbot\Models\src\CustomPostgresCompiler.cs
E:\chatbot\Models\src\CustomQueryParameters.cs
E:\chatbot\Models\src\CustomRoleStore.cs
E:\chatbot\Models\src\CustomSqlServerCompiler.cs
E:\chatbot\Models\src\CustomSqliteCompiler.cs
E:\chatbot\Models\src\CustomTypeMappers.cs
E:\chatbot\Models\src\CustomUserStore.cs
E:\chatbot\Models\src\DatabaseConnection.cs
E:\chatbot\Models\src\DateTimeExtension.cs
E:\chatbot\Models\src\DbChart.cs
E:\chatbot\Models\src\DbField.cs
E:\chatbot\Models\src\DbFieldOfT.cs
E:\chatbot\Models\src\DbTable.cs
E:\chatbot\Models\src\DbTableBase.cs
E:\chatbot\Models\src\DotAccessData.cs
E:\chatbot\Models\src\Email.cs
E:\chatbot\Models\src\EmailBase.cs
E:\chatbot\Models\src\Entity\Question.cs
E:\chatbot\Models\src\Enums.cs
E:\chatbot\Models\src\EventHandlers.cs
E:\chatbot\Models\src\ExcelConfig.cs
E:\chatbot\Models\src\ExportCsv.cs
E:\chatbot\Models\src\ExportEmail.cs
E:\chatbot\Models\src\ExportExcel.cs
E:\chatbot\Models\src\ExportHandler.cs
E:\chatbot\Models\src\ExportHtml.cs
E:\chatbot\Models\src\ExportJson.cs
E:\chatbot\Models\src\ExportPdf.cs
E:\chatbot\Models\src\ExportWord.cs
E:\chatbot\Models\src\ExportXml.cs
E:\chatbot\Models\src\FileViewer.cs
E:\chatbot\Models\src\ForceLogoutUserAction.cs
E:\chatbot\Models\src\GeometryTypeMapper.cs
E:\chatbot\Models\src\HtmlToText.cs
E:\chatbot\Models\src\HttpCookies.cs
E:\chatbot\Models\src\HttpDataDictionary.cs
E:\chatbot\Models\src\HttpForm.cs
E:\chatbot\Models\src\HttpSession.cs
E:\chatbot\Models\src\HttpUpload.cs
E:\chatbot\Models\src\IAspNetMakerPage.cs
E:\chatbot\Models\src\ICaptcha.cs
E:\chatbot\Models\src\IChartRenderer.cs
E:\chatbot\Models\src\ICustomCompiler.cs
E:\chatbot\Models\src\IDatabaseConnection.cs
E:\chatbot\Models\src\IHtmlValue.cs
E:\chatbot\Models\src\IQueryFactory.cs
E:\chatbot\Models\src\ITwoFactorAuthentication.cs
E:\chatbot\Models\src\InsertGetId.cs
E:\chatbot\Models\src\JsonBoolResult.cs
E:\chatbot\Models\src\JsonString.cs
E:\chatbot\Models\src\Lang.cs
E:\chatbot\Models\src\ListAction.cs
E:\chatbot\Models\src\ListActions.cs
E:\chatbot\Models\src\ListOption.cs
E:\chatbot\Models\src\ListOptions.cs
E:\chatbot\Models\src\ListOptionsDictionary.cs
E:\chatbot\Models\src\LoginModel.cs
E:\chatbot\Models\src\Lookup.cs
E:\chatbot\Models\src\MaintenanceMiddleware.cs
E:\chatbot\Models\src\MaintenanceWindowExtensions.cs
E:\chatbot\Models\src\Menu.cs
E:\chatbot\Models\src\MenuItem.cs
E:\chatbot\Models\src\MobileDetect.cs
E:\chatbot\Models\src\NumericPager.cs
E:\chatbot\Models\src\OptionValues.cs
E:\chatbot\Models\src\Pager.cs
E:\chatbot\Models\src\PagerItem.cs
E:\chatbot\Models\src\PdfConfig.cs
E:\chatbot\Models\src\PermissionHandler.cs
E:\chatbot\Models\src\PermissionRequirement.cs
E:\chatbot\Models\src\PrevNextPager.cs
E:\chatbot\Models\src\RegisterItem.cs
E:\chatbot\Models\src\ReportField.cs
E:\chatbot\Models\src\ReportFieldOfT.cs
E:\chatbot\Models\src\ReportTable.cs
E:\chatbot\Models\src\ResendRegisterEmailAction.cs
E:\chatbot\Models\src\ResetConcurrentUserAction.cs
E:\chatbot\Models\src\ResetLoginRetryAction.cs
E:\chatbot\Models\src\ResetUserSecretAction.cs
E:\chatbot\Models\src\SessionHandler.cs
E:\chatbot\Models\src\SetPasswordExpiredAction.cs
E:\chatbot\Models\src\Sms.cs
E:\chatbot\Models\src\StringExtension.cs
E:\chatbot\Models\src\SubPage.cs
E:\chatbot\Models\src\SubPages.cs
E:\chatbot\Models\src\SummaryField.cs
E:\chatbot\Models\src\UploadHandler.cs
E:\chatbot\Models\src\UserLevel.cs
E:\chatbot\Models\src\UserLevelPermission.cs
E:\chatbot\Models\src\UserLevelTablePermission.cs
E:\chatbot\Models\src\UserProfile.cs
E:\chatbot\Models\src\WordConfig.cs
E:\chatbot\Models\src\XmlDoc.cs
E:\chatbot\Models\src\XmlString.cs
E:\chatbot\Models\userfn.cs
E:\chatbot\Models\userlevelsettings.cs
E:\chatbot\Program.cs
E:\chatbot\Properties\launchSettings.json
E:\chatbot\Views\Home\Chatting.cshtml
E:\chatbot\Views\Home\QuestionAdd.cshtml
E:\chatbot\Views\Home\QuestionDelete.cshtml
E:\chatbot\Views\Home\QuestionEdit.cshtml
E:\chatbot\Views\Home\QuestionList.cshtml
E:\chatbot\Views\Home\QuestionView.cshtml
E:\chatbot\Views\Home\Swagger.cshtml
E:\chatbot\Views\Home\index.cshtml
E:\chatbot\Views\Home\login.cshtml
E:\chatbot\Views\Shared\Error.cshtml
E:\chatbot\Views\Shared\_Layout.cshtml
E:\chatbot\Views\Shared\email.cshtml
E:\chatbot\Views\Shared\menu.cshtml
E:\chatbot\Views\_ViewImports.cshtml
E:\chatbot\Views\_ViewStart.cshtml
E:\chatbot\appsettings.Development.json
E:\chatbot\appsettings.json
E:\chatbot\chatbot.csproj
E:\chatbot\web.config
E:\chatbot\wwwroot\css\chatbot.scss
E:\chatbot\wwwroot\css\query-builder.scss
E:\chatbot\wwwroot\css\tabulator_bootstrap5.scss
E:\chatbot\wwwroot\css\tempus-dominus.scss
E:\chatbot\wwwroot\js\userevent.js
E:\chatbot\wwwroot\js\userfn.js
E:\chatbot\wwwroot\package.json
E:\chatbot\wwwroot\swagger\index.html