2024-12-14T13:53:37.3140869+07:00  [DBG] Hosting starting (32b26330)
2024-12-14T13:53:37.6338536+07:00  [INF] Now listening on: "http://localhost:5000" (d826f4b8)
2024-12-14T13:53:37.6346080+07:00  [INF] Application started. Press Ctrl+C to shut down. (dcaefe54)
2024-12-14T13:53:37.6351384+07:00  [INF] Hosting environment: "Development" (bc5a1a4e)
2024-12-14T13:53:37.6351914+07:00  [INF] Content root path: "E:\chatbot" (cc26f24e)
2024-12-14T13:53:37.6352556+07:00  [DBG] Hosting started (e6def423)
2024-12-14T13:55:24.5130237+07:00 0HN8S1H4E48IH:00000001 [INF] Checking for conditional GET/HEAD. (7e2efcb6)
2024-12-14T13:55:24.5170561+07:00 0HN8S1H4E48IH:00000001 [INF] Not valid - no If-None-Match or If-Modified-Since headers. (00e43d04)
2024-12-14T13:55:24.5171206+07:00 0HN8S1H4E48IH:00000001 [INF] Don't generate 304 - Not Modified.  Continue. (b6a7d473)
2024-12-14T13:55:24.5181001+07:00 0HN8S1H4E48IH:00000001 [INF] Checking for conditional PUT/PATCH. (bf3cf9be)
2024-12-14T13:55:24.5181440+07:00 0HN8S1H4E48IH:00000001 [INF] Not valid - method isn't PUT or PATCH. (671cb4f2)
2024-12-14T13:55:24.5181622+07:00 0HN8S1H4E48IH:00000001 [INF] Don't generate 412 - Precondition Failed.  Continue. (08bc4a18)
2024-12-14T13:55:24.7923290+07:00 0HN8S1H4E48IH:00000001 [INF] Generating expiration headers. (97875003)
2024-12-14T13:55:24.7926685+07:00 0HN8S1H4E48IH:00000001 [INF] Expiration headers generated. Expires: Sat, 14 Dec 2024 06:55:24 GMT. Cache-Control: private,max-age=0,no-store,no-cache,must-revalidate. (62a4b613)
2024-12-14T13:55:24.7937787+07:00 0HN8S1H4E48IH:00000001 [INF] Not generating Validation headers as the response status code does not indicate success. (2130aaa7)
2024-12-14T13:55:24.7939653+07:00 0HN8S1H4E48IH:00000001 [INF] Generating Vary header. (c1174e38)
2024-12-14T13:55:24.7940381+07:00 0HN8S1H4E48IH:00000001 [INF] Vary header generated: Accept, Accept-Language, Accept-Encoding. (e081213a)
2024-12-14T13:55:24.8036445+07:00 0HN8S1H4E48IH:00000002 [INF] Checking for conditional GET/HEAD. (7e2efcb6)
2024-12-14T13:55:24.8036985+07:00 0HN8S1H4E48IH:00000002 [INF] Not valid - no If-None-Match or If-Modified-Since headers. (00e43d04)
2024-12-14T13:55:24.8037098+07:00 0HN8S1H4E48IH:00000002 [INF] Don't generate 304 - Not Modified.  Continue. (b6a7d473)
2024-12-14T13:55:24.8037206+07:00 0HN8S1H4E48IH:00000002 [INF] Checking for conditional PUT/PATCH. (bf3cf9be)
2024-12-14T13:55:24.8037298+07:00 0HN8S1H4E48IH:00000002 [INF] Not valid - method isn't PUT or PATCH. (671cb4f2)
2024-12-14T13:55:24.8037375+07:00 0HN8S1H4E48IH:00000002 [INF] Don't generate 412 - Precondition Failed.  Continue. (08bc4a18)
2024-12-14T13:55:39.4265935+07:00 0HN8S1H4E48IH:00000002 [INF] Generating expiration headers. (97875003)
2024-12-14T13:55:39.4266958+07:00 0HN8S1H4E48IH:00000002 [INF] Expiration headers generated. Expires: Sat, 14 Dec 2024 06:55:39 GMT. Cache-Control: private,max-age=0,no-store,no-cache,must-revalidate. (39c5b07b)
2024-12-14T13:55:39.4267163+07:00 0HN8S1H4E48IH:00000002 [INF] Generating Validation headers. (20c08f55)
2024-12-14T13:55:39.4372726+07:00 0HN8S1H4E48IH:00000002 [INF] Validation headers generated. ETag: Strong, "972BBBA0E97A6AC5C7C1F7BD78DFB923". Last-Modified: Sat, 14 Dec 2024 06:55:39 GMT (87595652)
2024-12-14T13:55:39.4373103+07:00 0HN8S1H4E48IH:00000002 [INF] Generating Vary header. (c1174e38)
2024-12-14T13:55:39.4373329+07:00 0HN8S1H4E48IH:00000002 [INF] Vary header generated: Accept, Accept-Language, Accept-Encoding. (e081213a)
2024-12-14T14:00:14.0117202+07:00  [INF] Application is shutting down... (90f52c38)
2024-12-14T14:00:14.0124136+07:00  [DBG] Hosting stopping (cbc9c32e)
2024-12-14T14:00:14.0179722+07:00  [DBG] Hosting stopped (73fd4889)
2024-12-14T14:02:38.3090851+07:00  [DBG] Hosting starting (32b26330)
2024-12-14T14:02:38.3955075+07:00  [INF] Now listening on: "http://localhost:5000" (d826f4b8)
2024-12-14T14:02:38.3957709+07:00  [INF] Application started. Press Ctrl+C to shut down. (dcaefe54)
2024-12-14T14:02:38.3960467+07:00  [INF] Hosting environment: "Development" (bc5a1a4e)
2024-12-14T14:02:38.3960745+07:00  [INF] Content root path: "E:\chatbot" (cc26f24e)
2024-12-14T14:02:38.3960998+07:00  [DBG] Hosting started (e6def423)
2024-12-14T14:02:40.5516363+07:00 0HN8S1L6CG7LK:00000001 [INF] Checking for conditional GET/HEAD. (7e2efcb6)
2024-12-14T14:02:40.5575948+07:00 0HN8S1L6CG7LK:00000001 [INF] Not valid - no If-None-Match or If-Modified-Since headers. (00e43d04)
2024-12-14T14:02:40.5577587+07:00 0HN8S1L6CG7LK:00000001 [INF] Don't generate 304 - Not Modified.  Continue. (b6a7d473)
2024-12-14T14:02:40.5596742+07:00 0HN8S1L6CG7LK:00000001 [INF] Checking for conditional PUT/PATCH. (bf3cf9be)
2024-12-14T14:02:40.5598525+07:00 0HN8S1L6CG7LK:00000001 [INF] Not valid - method isn't PUT or PATCH. (671cb4f2)
2024-12-14T14:02:40.5599133+07:00 0HN8S1L6CG7LK:00000001 [INF] Don't generate 412 - Precondition Failed.  Continue. (08bc4a18)
2024-12-14T14:02:44.0615671+07:00 0HN8S1L6CG7LK:00000001 [INF] Generating expiration headers. (97875003)
2024-12-14T14:02:44.0619054+07:00 0HN8S1L6CG7LK:00000001 [INF] Expiration headers generated. Expires: Sat, 14 Dec 2024 07:02:44 GMT. Cache-Control: private,max-age=0,no-store,no-cache,must-revalidate. (8f2672bc)
2024-12-14T14:02:44.0631785+07:00 0HN8S1L6CG7LK:00000001 [INF] Generating Validation headers. (20c08f55)
2024-12-14T14:02:44.0740597+07:00 0HN8S1L6CG7LK:00000001 [INF] Validation headers generated. ETag: Strong, "8232919D795E93E8440C0586EB75B261". Last-Modified: Sat, 14 Dec 2024 07:02:44 GMT (3f1e8148)
2024-12-14T14:02:44.0743165+07:00 0HN8S1L6CG7LK:00000001 [INF] Generating Vary header. (c1174e38)
2024-12-14T14:02:44.0743644+07:00 0HN8S1L6CG7LK:00000001 [INF] Vary header generated: Accept, Accept-Language, Accept-Encoding. (e081213a)
2024-12-14T14:02:54.0847054+07:00 0HN8S1L6CG7LL:00000005 [INF] Checking for conditional GET/HEAD. (7e2efcb6)
2024-12-14T14:02:54.0848418+07:00 0HN8S1L6CG7LL:00000005 [INF] Not valid - no If-None-Match or If-Modified-Since headers. (00e43d04)
2024-12-14T14:02:54.0848606+07:00 0HN8S1L6CG7LL:00000005 [INF] Don't generate 304 - Not Modified.  Continue. (b6a7d473)
2024-12-14T14:02:54.0848828+07:00 0HN8S1L6CG7LL:00000005 [INF] Checking for conditional PUT/PATCH. (bf3cf9be)
2024-12-14T14:02:54.0848956+07:00 0HN8S1L6CG7LL:00000005 [INF] Not valid - method isn't PUT or PATCH. (671cb4f2)
2024-12-14T14:02:54.0849177+07:00 0HN8S1L6CG7LL:00000005 [INF] Don't generate 412 - Precondition Failed.  Continue. (08bc4a18)
2024-12-14T14:02:54.6332668+07:00 0HN8S1L6CG7LL:00000005 [INF] Generating expiration headers. (97875003)
2024-12-14T14:02:54.6334355+07:00 0HN8S1L6CG7LL:00000005 [INF] Expiration headers generated. Expires: Sat, 14 Dec 2024 07:02:54 GMT. Cache-Control: private,max-age=0,no-store,no-cache,must-revalidate. (b2ccdd8f)
2024-12-14T14:02:54.6334669+07:00 0HN8S1L6CG7LL:00000005 [INF] Generating Validation headers. (20c08f55)
2024-12-14T14:02:54.6341334+07:00 0HN8S1L6CG7LL:00000005 [INF] Validation headers generated. ETag: Strong, "6538C46083E6E5B113622D73FBC21906". Last-Modified: Sat, 14 Dec 2024 07:02:54 GMT (e9ec4203)
2024-12-14T14:02:54.6341551+07:00 0HN8S1L6CG7LL:00000005 [INF] Generating Vary header. (c1174e38)
2024-12-14T14:02:54.6341708+07:00 0HN8S1L6CG7LL:00000005 [INF] Vary header generated: Accept, Accept-Language, Accept-Encoding. (e081213a)
2024-12-14T14:03:05.3105994+07:00 0HN8S1L6CG7LL:00000006 [INF] Checking for conditional GET/HEAD. (7e2efcb6)
2024-12-14T14:03:05.3107096+07:00 0HN8S1L6CG7LL:00000006 [INF] Not valid - no If-None-Match or If-Modified-Since headers. (00e43d04)
2024-12-14T14:03:05.3107287+07:00 0HN8S1L6CG7LL:00000006 [INF] Don't generate 304 - Not Modified.  Continue. (b6a7d473)
2024-12-14T14:03:05.3107477+07:00 0HN8S1L6CG7LL:00000006 [INF] Checking for conditional PUT/PATCH. (bf3cf9be)
2024-12-14T14:03:05.3107577+07:00 0HN8S1L6CG7LL:00000006 [INF] Not valid - method isn't PUT or PATCH. (671cb4f2)
2024-12-14T14:03:05.3108047+07:00 0HN8S1L6CG7LL:00000006 [INF] Don't generate 412 - Precondition Failed.  Continue. (08bc4a18)
2024-12-14T14:03:05.3495844+07:00 0HN8S1L6CG7LL:00000006 [INF] Generating expiration headers. (97875003)
2024-12-14T14:03:05.3497199+07:00 0HN8S1L6CG7LL:00000006 [INF] Expiration headers generated. Expires: Sat, 14 Dec 2024 07:03:05 GMT. Cache-Control: private,max-age=0,no-store,no-cache,must-revalidate. (eea36834)
2024-12-14T14:03:05.3497445+07:00 0HN8S1L6CG7LL:00000006 [INF] Generating Validation headers. (20c08f55)
2024-12-14T14:03:05.3500776+07:00 0HN8S1L6CG7LL:00000006 [INF] Validation headers generated. ETag: Strong, "256BF329580CD9DEB03A9D8D705D20C0". Last-Modified: Sat, 14 Dec 2024 07:03:05 GMT (2e496936)
2024-12-14T14:03:05.3500942+07:00 0HN8S1L6CG7LL:00000006 [INF] Generating Vary header. (c1174e38)
2024-12-14T14:03:05.3501033+07:00 0HN8S1L6CG7LL:00000006 [INF] Vary header generated: Accept, Accept-Language, Accept-Encoding. (e081213a)
2024-12-14T14:05:01.1981724+07:00  [INF] Application is shutting down... (90f52c38)
2024-12-14T14:05:01.1987611+07:00  [DBG] Hosting stopping (cbc9c32e)
2024-12-14T14:05:01.2039220+07:00  [DBG] Hosting stopped (73fd4889)
2024-12-14T14:05:22.7557377+07:00  [DBG] Hosting starting (32b26330)
2024-12-14T14:05:22.8489917+07:00  [INF] Now listening on: "http://localhost:5000" (d826f4b8)
2024-12-14T14:05:22.8494665+07:00  [INF] Application started. Press Ctrl+C to shut down. (dcaefe54)
2024-12-14T14:05:22.8498279+07:00  [INF] Hosting environment: "Development" (bc5a1a4e)
2024-12-14T14:05:22.8498644+07:00  [INF] Content root path: "E:\chatbot" (cc26f24e)
2024-12-14T14:05:22.8499041+07:00  [DBG] Hosting started (e6def423)
2024-12-14T14:05:23.5612561+07:00 0HN8S1MMV586E:00000001 [INF] Checking for conditional GET/HEAD. (7e2efcb6)
2024-12-14T14:05:23.5646246+07:00 0HN8S1MMV586E:00000001 [INF] Not valid - no If-None-Match or If-Modified-Since headers. (00e43d04)
2024-12-14T14:05:23.5647216+07:00 0HN8S1MMV586E:00000001 [INF] Don't generate 304 - Not Modified.  Continue. (b6a7d473)
2024-12-14T14:05:23.5663296+07:00 0HN8S1MMV586E:00000001 [INF] Checking for conditional PUT/PATCH. (bf3cf9be)
2024-12-14T14:05:23.5664333+07:00 0HN8S1MMV586E:00000001 [INF] Not valid - method isn't PUT or PATCH. (671cb4f2)
2024-12-14T14:05:23.5664663+07:00 0HN8S1MMV586E:00000001 [INF] Don't generate 412 - Precondition Failed.  Continue. (08bc4a18)
2024-12-14T14:05:27.7318430+07:00 0HN8S1MMV586E:00000001 [INF] Generating expiration headers. (97875003)
2024-12-14T14:05:27.7322291+07:00 0HN8S1MMV586E:00000001 [INF] Expiration headers generated. Expires: Sat, 14 Dec 2024 07:05:27 GMT. Cache-Control: private,max-age=0,no-store,no-cache,must-revalidate. (5c5a8991)
2024-12-14T14:05:27.7334338+07:00 0HN8S1MMV586E:00000001 [INF] Generating Validation headers. (20c08f55)
2024-12-14T14:05:27.7447931+07:00 0HN8S1MMV586E:00000001 [INF] Validation headers generated. ETag: Strong, "D8A7C5CC9F63708351416AE07D31E5CA". Last-Modified: Sat, 14 Dec 2024 07:05:27 GMT (823d9e60)
2024-12-14T14:05:27.7450116+07:00 0HN8S1MMV586E:00000001 [INF] Generating Vary header. (c1174e38)
2024-12-14T14:05:27.7450501+07:00 0HN8S1MMV586E:00000001 [INF] Vary header generated: Accept, Accept-Language, Accept-Encoding. (e081213a)
2024-12-14T14:06:24.9771601+07:00 0HN8S1MMV586F:00000005 [INF] Checking for conditional GET/HEAD. (7e2efcb6)
2024-12-14T14:06:24.9772593+07:00 0HN8S1MMV586F:00000005 [INF] Not valid - no If-None-Match or If-Modified-Since headers. (00e43d04)
2024-12-14T14:06:24.9772804+07:00 0HN8S1MMV586F:00000005 [INF] Don't generate 304 - Not Modified.  Continue. (b6a7d473)
2024-12-14T14:06:24.9773012+07:00 0HN8S1MMV586F:00000005 [INF] Checking for conditional PUT/PATCH. (bf3cf9be)
2024-12-14T14:06:24.9773123+07:00 0HN8S1MMV586F:00000005 [INF] Not valid - method isn't PUT or PATCH. (671cb4f2)
2024-12-14T14:06:24.9773313+07:00 0HN8S1MMV586F:00000005 [INF] Don't generate 412 - Precondition Failed.  Continue. (08bc4a18)
2024-12-14T14:06:25.3418895+07:00 0HN8S1MMV586F:00000005 [INF] Generating expiration headers. (97875003)
2024-12-14T14:06:25.3420419+07:00 0HN8S1MMV586F:00000005 [INF] Expiration headers generated. Expires: Sat, 14 Dec 2024 07:06:25 GMT. Cache-Control: private,max-age=0,no-store,no-cache,must-revalidate. (d42ccd98)
2024-12-14T14:06:25.3420703+07:00 0HN8S1MMV586F:00000005 [INF] Generating Validation headers. (20c08f55)
2024-12-14T14:06:25.3423516+07:00 0HN8S1MMV586F:00000005 [INF] Validation headers generated. ETag: Strong, "7B57112B3C834325924E69B48862ED2B". Last-Modified: Sat, 14 Dec 2024 07:06:25 GMT (7978c9eb)
2024-12-14T14:06:25.3423728+07:00 0HN8S1MMV586F:00000005 [INF] Generating Vary header. (c1174e38)
2024-12-14T14:06:25.3423899+07:00 0HN8S1MMV586F:00000005 [INF] Vary header generated: Accept, Accept-Language, Accept-Encoding. (e081213a)
2024-12-14T14:06:34.9593393+07:00 0HN8S1MMV586F:00000006 [INF] Checking for conditional GET/HEAD. (7e2efcb6)
2024-12-14T14:06:34.9594333+07:00 0HN8S1MMV586F:00000006 [INF] Not valid - no If-None-Match or If-Modified-Since headers. (00e43d04)
2024-12-14T14:06:34.9594507+07:00 0HN8S1MMV586F:00000006 [INF] Don't generate 304 - Not Modified.  Continue. (b6a7d473)
2024-12-14T14:06:34.9594597+07:00 0HN8S1MMV586F:00000006 [INF] Checking for conditional PUT/PATCH. (bf3cf9be)
2024-12-14T14:06:34.9594925+07:00 0HN8S1MMV586F:00000006 [INF] Not valid - method isn't PUT or PATCH. (671cb4f2)
2024-12-14T14:06:34.9595328+07:00 0HN8S1MMV586F:00000006 [INF] Don't generate 412 - Precondition Failed.  Continue. (08bc4a18)
2024-12-14T14:06:34.9657251+07:00 0HN8S1MMV586F:00000006 [INF] Generating expiration headers. (97875003)
2024-12-14T14:06:34.9657998+07:00 0HN8S1MMV586F:00000006 [INF] Expiration headers generated. Expires: Sat, 14 Dec 2024 07:06:34 GMT. Cache-Control: private,max-age=0,no-store,no-cache,must-revalidate. (e3ff5a69)
2024-12-14T14:06:34.9658276+07:00 0HN8S1MMV586F:00000006 [INF] Generating Validation headers. (20c08f55)
2024-12-14T14:06:34.9659644+07:00 0HN8S1MMV586F:00000006 [INF] Validation headers generated. ETag: Strong, "3AB8C415810BA7CC77ABE5874272453A". Last-Modified: Sat, 14 Dec 2024 07:06:34 GMT (7927c7e0)
2024-12-14T14:06:34.9659811+07:00 0HN8S1MMV586F:00000006 [INF] Generating Vary header. (c1174e38)
2024-12-14T14:06:34.9659906+07:00 0HN8S1MMV586F:00000006 [INF] Vary header generated: Accept, Accept-Language, Accept-Encoding. (e081213a)
2024-12-14T14:06:42.0484316+07:00 0HN8S1MMV586F:00000007 [INF] Checking for conditional GET/HEAD. (7e2efcb6)
2024-12-14T14:06:42.0485992+07:00 0HN8S1MMV586F:00000007 [INF] Not valid - no If-None-Match or If-Modified-Since headers. (00e43d04)
2024-12-14T14:06:42.0486127+07:00 0HN8S1MMV586F:00000007 [INF] Don't generate 304 - Not Modified.  Continue. (b6a7d473)
2024-12-14T14:06:42.0486283+07:00 0HN8S1MMV586F:00000007 [INF] Checking for conditional PUT/PATCH. (bf3cf9be)
2024-12-14T14:06:42.0486340+07:00 0HN8S1MMV586F:00000007 [INF] Not valid - method isn't PUT or PATCH. (671cb4f2)
2024-12-14T14:06:42.0486425+07:00 0HN8S1MMV586F:00000007 [INF] Don't generate 412 - Precondition Failed.  Continue. (08bc4a18)
2024-12-14T14:06:42.0535455+07:00 0HN8S1MMV586F:00000007 [INF] Generating expiration headers. (97875003)
2024-12-14T14:06:42.0535978+07:00 0HN8S1MMV586F:00000007 [INF] Expiration headers generated. Expires: Sat, 14 Dec 2024 07:06:42 GMT. Cache-Control: private,max-age=0,no-store,no-cache,must-revalidate. (40be7684)
2024-12-14T14:06:42.0536076+07:00 0HN8S1MMV586F:00000007 [INF] Generating Validation headers. (20c08f55)
2024-12-14T14:06:42.0537377+07:00 0HN8S1MMV586F:00000007 [INF] Validation headers generated. ETag: Strong, "6F428419E038E83B597484403E530E56". Last-Modified: Sat, 14 Dec 2024 07:06:42 GMT (92344d58)
2024-12-14T14:06:42.0537510+07:00 0HN8S1MMV586F:00000007 [INF] Generating Vary header. (c1174e38)
2024-12-14T14:06:42.0537574+07:00 0HN8S1MMV586F:00000007 [INF] Vary header generated: Accept, Accept-Language, Accept-Encoding. (e081213a)
2024-12-14T14:06:54.6678886+07:00 0HN8S1MMV586F:00000008 [INF] Checking for conditional GET/HEAD. (7e2efcb6)
2024-12-14T14:06:54.6679257+07:00 0HN8S1MMV586F:00000008 [INF] Not valid - no If-None-Match or If-Modified-Since headers. (00e43d04)
2024-12-14T14:06:54.6679339+07:00 0HN8S1MMV586F:00000008 [INF] Don't generate 304 - Not Modified.  Continue. (b6a7d473)
2024-12-14T14:06:54.6679393+07:00 0HN8S1MMV586F:00000008 [INF] Checking for conditional PUT/PATCH. (bf3cf9be)
2024-12-14T14:06:54.6679437+07:00 0HN8S1MMV586F:00000008 [INF] Not valid - method isn't PUT or PATCH. (671cb4f2)
2024-12-14T14:06:54.6679543+07:00 0HN8S1MMV586F:00000008 [INF] Don't generate 412 - Precondition Failed.  Continue. (08bc4a18)
2024-12-14T14:06:54.6714604+07:00 0HN8S1MMV586F:00000008 [INF] Generating expiration headers. (97875003)
2024-12-14T14:06:54.6715074+07:00 0HN8S1MMV586F:00000008 [INF] Expiration headers generated. Expires: Sat, 14 Dec 2024 07:06:54 GMT. Cache-Control: private,max-age=0,no-store,no-cache,must-revalidate. (046e7aa4)
2024-12-14T14:06:54.6715154+07:00 0HN8S1MMV586F:00000008 [INF] Generating Validation headers. (20c08f55)
2024-12-14T14:06:54.6716329+07:00 0HN8S1MMV586F:00000008 [INF] Validation headers generated. ETag: Strong, "37D320F7BC418D8B252F9365B8A93BCB". Last-Modified: Sat, 14 Dec 2024 07:06:54 GMT (44f651bc)
2024-12-14T14:06:54.6716458+07:00 0HN8S1MMV586F:00000008 [INF] Generating Vary header. (c1174e38)
2024-12-14T14:06:54.6716514+07:00 0HN8S1MMV586F:00000008 [INF] Vary header generated: Accept, Accept-Language, Accept-Encoding. (e081213a)
2024-12-14T14:11:00.6743408+07:00 0HN8S1MMV586H:00000001 [INF] Checking for conditional GET/HEAD. (7e2efcb6)
2024-12-14T14:11:00.6743839+07:00 0HN8S1MMV586H:00000001 [INF] Not valid - no If-None-Match or If-Modified-Since headers. (00e43d04)
2024-12-14T14:11:00.6743915+07:00 0HN8S1MMV586H:00000001 [INF] Don't generate 304 - Not Modified.  Continue. (b6a7d473)
2024-12-14T14:11:00.6743998+07:00 0HN8S1MMV586H:00000001 [INF] Checking for conditional PUT/PATCH. (bf3cf9be)
2024-12-14T14:11:00.6744068+07:00 0HN8S1MMV586H:00000001 [INF] Not valid - method isn't PUT or PATCH. (671cb4f2)
2024-12-14T14:11:00.6744475+07:00 0HN8S1MMV586H:00000001 [INF] Don't generate 412 - Precondition Failed.  Continue. (08bc4a18)
2024-12-14T14:11:02.1044715+07:00 0HN8S1MMV586H:00000001 [INF] Generating expiration headers. (97875003)
2024-12-14T14:11:02.1045332+07:00 0HN8S1MMV586H:00000001 [INF] Expiration headers generated. Expires: Sat, 14 Dec 2024 07:11:02 GMT. Cache-Control: private,max-age=0,no-store,no-cache,must-revalidate. (3b3b257f)
2024-12-14T14:11:02.1045429+07:00 0HN8S1MMV586H:00000001 [INF] Generating Validation headers. (20c08f55)
2024-12-14T14:11:02.1051894+07:00 0HN8S1MMV586H:00000001 [INF] Validation headers generated. ETag: Strong, "C8B80C309858179437EE2E8A844D0E88". Last-Modified: Sat, 14 Dec 2024 07:11:02 GMT (6aeae095)
2024-12-14T14:11:02.1052056+07:00 0HN8S1MMV586H:00000001 [INF] Generating Vary header. (c1174e38)
2024-12-14T14:11:02.1052134+07:00 0HN8S1MMV586H:00000001 [INF] Vary header generated: Accept, Accept-Language, Accept-Encoding. (e081213a)
2024-12-14T14:11:04.7687781+07:00 0HN8S1MMV586I:00000005 [INF] Checking for conditional GET/HEAD. (7e2efcb6)
2024-12-14T14:11:04.7688143+07:00 0HN8S1MMV586I:00000005 [INF] Not valid - no If-None-Match or If-Modified-Since headers. (00e43d04)
2024-12-14T14:11:04.7688220+07:00 0HN8S1MMV586I:00000005 [INF] Don't generate 304 - Not Modified.  Continue. (b6a7d473)
2024-12-14T14:11:04.7688273+07:00 0HN8S1MMV586I:00000005 [INF] Checking for conditional PUT/PATCH. (bf3cf9be)
2024-12-14T14:11:04.7688308+07:00 0HN8S1MMV586I:00000005 [INF] Not valid - method isn't PUT or PATCH. (671cb4f2)
2024-12-14T14:11:04.7688340+07:00 0HN8S1MMV586I:00000005 [INF] Don't generate 412 - Precondition Failed.  Continue. (08bc4a18)
2024-12-14T14:11:05.0816569+07:00 0HN8S1MMV586I:00000005 [INF] Generating expiration headers. (97875003)
2024-12-14T14:11:05.0817807+07:00 0HN8S1MMV586I:00000005 [INF] Expiration headers generated. Expires: Sat, 14 Dec 2024 07:11:05 GMT. Cache-Control: private,max-age=0,no-store,no-cache,must-revalidate. (091951e4)
2024-12-14T14:11:05.0817952+07:00 0HN8S1MMV586I:00000005 [INF] Generating Validation headers. (20c08f55)
2024-12-14T14:11:05.0821087+07:00 0HN8S1MMV586I:00000005 [INF] Validation headers generated. ETag: Strong, "4DEDC8A7A839374D3A589C37D89FF976". Last-Modified: Sat, 14 Dec 2024 07:11:05 GMT (770f5f8c)
2024-12-14T14:11:05.0821163+07:00 0HN8S1MMV586I:00000005 [INF] Generating Vary header. (c1174e38)
2024-12-14T14:11:05.0821219+07:00 0HN8S1MMV586I:00000005 [INF] Vary header generated: Accept, Accept-Language, Accept-Encoding. (e081213a)
2024-12-14T14:11:11.3560684+07:00 0HN8S1MMV586H:00000007 [INF] Checking for conditional GET/HEAD. (7e2efcb6)
2024-12-14T14:11:11.3561082+07:00 0HN8S1MMV586H:00000007 [INF] Not valid - no If-None-Match or If-Modified-Since headers. (00e43d04)
2024-12-14T14:11:11.3561147+07:00 0HN8S1MMV586H:00000007 [INF] Don't generate 304 - Not Modified.  Continue. (b6a7d473)
2024-12-14T14:11:11.3561217+07:00 0HN8S1MMV586H:00000007 [INF] Checking for conditional PUT/PATCH. (bf3cf9be)
2024-12-14T14:11:11.3561251+07:00 0HN8S1MMV586H:00000007 [INF] Not valid - method isn't PUT or PATCH. (671cb4f2)
2024-12-14T14:11:11.3561318+07:00 0HN8S1MMV586H:00000007 [INF] Don't generate 412 - Precondition Failed.  Continue. (08bc4a18)
2024-12-14T14:11:11.3748071+07:00 0HN8S1MMV586H:00000007 [INF] Generating expiration headers. (97875003)
2024-12-14T14:11:11.3748649+07:00 0HN8S1MMV586H:00000007 [INF] Expiration headers generated. Expires: Sat, 14 Dec 2024 07:11:11 GMT. Cache-Control: private,max-age=0,no-store,no-cache,must-revalidate. (969306ce)
2024-12-14T14:11:11.3748733+07:00 0HN8S1MMV586H:00000007 [INF] Generating Validation headers. (20c08f55)
2024-12-14T14:11:11.3751907+07:00 0HN8S1MMV586H:00000007 [INF] Validation headers generated. ETag: Strong, "BFBB0930A80D59C647FF4F43B4A74F53". Last-Modified: Sat, 14 Dec 2024 07:11:11 GMT (641042d7)
2024-12-14T14:11:11.3751990+07:00 0HN8S1MMV586H:00000007 [INF] Generating Vary header. (c1174e38)
2024-12-14T14:11:11.3752024+07:00 0HN8S1MMV586H:00000007 [INF] Vary header generated: Accept, Accept-Language, Accept-Encoding. (e081213a)
2024-12-14T14:16:11.3810702+07:00 0HN8S1MMV586K:00000001 [INF] Checking for conditional GET/HEAD. (7e2efcb6)
2024-12-14T14:16:11.3811000+07:00 0HN8S1MMV586K:00000001 [INF] Not valid - no If-None-Match or If-Modified-Since headers. (00e43d04)
2024-12-14T14:16:11.3811048+07:00 0HN8S1MMV586K:00000001 [INF] Don't generate 304 - Not Modified.  Continue. (b6a7d473)
2024-12-14T14:16:11.3811090+07:00 0HN8S1MMV586K:00000001 [INF] Checking for conditional PUT/PATCH. (bf3cf9be)
2024-12-14T14:16:11.3811705+07:00 0HN8S1MMV586K:00000001 [INF] Not valid - method isn't PUT or PATCH. (671cb4f2)
2024-12-14T14:16:11.3811730+07:00 0HN8S1MMV586K:00000001 [INF] Don't generate 412 - Precondition Failed.  Continue. (08bc4a18)
2024-12-14T14:16:11.3931295+07:00 0HN8S1MMV586K:00000001 [INF] Generating expiration headers. (97875003)
2024-12-14T14:16:11.3931887+07:00 0HN8S1MMV586K:00000001 [INF] Expiration headers generated. Expires: Sat, 14 Dec 2024 07:16:11 GMT. Cache-Control: private,max-age=0,no-store,no-cache,must-revalidate. (bea6a6a3)
2024-12-14T14:16:11.3931950+07:00 0HN8S1MMV586K:00000001 [INF] Generating Validation headers. (20c08f55)
2024-12-14T14:16:11.3933413+07:00 0HN8S1MMV586K:00000001 [INF] Validation headers generated. ETag: Strong, "583D4B17C37CFF6EA8D15ED3ACCED961". Last-Modified: Sat, 14 Dec 2024 07:16:11 GMT (d76fc745)
2024-12-14T14:16:11.3933509+07:00 0HN8S1MMV586K:00000001 [INF] Generating Vary header. (c1174e38)
2024-12-14T14:16:11.3933571+07:00 0HN8S1MMV586K:00000001 [INF] Vary header generated: Accept, Accept-Language, Accept-Encoding. (e081213a)
2024-12-14T14:16:16.8568448+07:00 0HN8S1MMV586K:00000002 [INF] Checking for conditional GET/HEAD. (7e2efcb6)
2024-12-14T14:16:16.8568788+07:00 0HN8S1MMV586K:00000002 [INF] Not valid - no If-None-Match or If-Modified-Since headers. (00e43d04)
2024-12-14T14:16:16.8568825+07:00 0HN8S1MMV586K:00000002 [INF] Don't generate 304 - Not Modified.  Continue. (b6a7d473)
2024-12-14T14:16:16.8568876+07:00 0HN8S1MMV586K:00000002 [INF] Checking for conditional PUT/PATCH. (bf3cf9be)
2024-12-14T14:16:16.8568900+07:00 0HN8S1MMV586K:00000002 [INF] Not valid - method isn't PUT or PATCH. (671cb4f2)
2024-12-14T14:16:16.8568928+07:00 0HN8S1MMV586K:00000002 [INF] Don't generate 412 - Precondition Failed.  Continue. (08bc4a18)
2024-12-14T14:16:16.8611649+07:00 0HN8S1MMV586K:00000002 [INF] Generating expiration headers. (97875003)
2024-12-14T14:16:16.8612152+07:00 0HN8S1MMV586K:00000002 [INF] Expiration headers generated. Expires: Sat, 14 Dec 2024 07:16:16 GMT. Cache-Control: private,max-age=0,no-store,no-cache,must-revalidate. (ebc54077)
2024-12-14T14:16:16.8612213+07:00 0HN8S1MMV586K:00000002 [INF] Generating Validation headers. (20c08f55)
2024-12-14T14:16:16.8613701+07:00 0HN8S1MMV586K:00000002 [INF] Validation headers generated. ETag: Strong, "B255D208FA0963C772E8779B2A014AAE". Last-Modified: Sat, 14 Dec 2024 07:16:16 GMT (b13517b3)
2024-12-14T14:16:16.8613825+07:00 0HN8S1MMV586K:00000002 [INF] Generating Vary header. (c1174e38)
2024-12-14T14:16:16.8613867+07:00 0HN8S1MMV586K:00000002 [INF] Vary header generated: Accept, Accept-Language, Accept-Encoding. (e081213a)
2024-12-14T14:16:40.3373526+07:00 0HN8S1MMV586K:00000003 [INF] Checking for conditional GET/HEAD. (7e2efcb6)
2024-12-14T14:16:40.3374033+07:00 0HN8S1MMV586K:00000003 [INF] Not valid - no If-None-Match or If-Modified-Since headers. (00e43d04)
2024-12-14T14:16:40.3374081+07:00 0HN8S1MMV586K:00000003 [INF] Don't generate 304 - Not Modified.  Continue. (b6a7d473)
2024-12-14T14:16:40.3374141+07:00 0HN8S1MMV586K:00000003 [INF] Checking for conditional PUT/PATCH. (bf3cf9be)
2024-12-14T14:16:40.3374200+07:00 0HN8S1MMV586K:00000003 [INF] Not valid - method isn't PUT or PATCH. (671cb4f2)
2024-12-14T14:16:40.3374230+07:00 0HN8S1MMV586K:00000003 [INF] Don't generate 412 - Precondition Failed.  Continue. (08bc4a18)
2024-12-14T14:16:40.3618628+07:00 0HN8S1MMV586K:00000003 [INF] Generating expiration headers. (97875003)
2024-12-14T14:16:40.3619212+07:00 0HN8S1MMV586K:00000003 [INF] Expiration headers generated. Expires: Sat, 14 Dec 2024 07:16:40 GMT. Cache-Control: private,max-age=0,no-store,no-cache,must-revalidate. (10c0867f)
2024-12-14T14:16:40.3619286+07:00 0HN8S1MMV586K:00000003 [INF] Generating Validation headers. (20c08f55)
2024-12-14T14:16:40.3622992+07:00 0HN8S1MMV586K:00000003 [INF] Validation headers generated. ETag: Strong, "95054DEB6463C69738B71A784BA2E00A". Last-Modified: Sat, 14 Dec 2024 07:16:40 GMT (082f1f58)
2024-12-14T14:16:40.3623106+07:00 0HN8S1MMV586K:00000003 [INF] Generating Vary header. (c1174e38)
2024-12-14T14:16:40.3623172+07:00 0HN8S1MMV586K:00000003 [INF] Vary header generated: Accept, Accept-Language, Accept-Encoding. (e081213a)
2024-12-14T14:16:50.4347815+07:00 0HN8S1MMV586L:00000005 [INF] Checking for conditional GET/HEAD. (7e2efcb6)
2024-12-14T14:16:50.4348254+07:00 0HN8S1MMV586L:00000005 [INF] Not valid - no If-None-Match or If-Modified-Since headers. (00e43d04)
2024-12-14T14:16:50.4348309+07:00 0HN8S1MMV586L:00000005 [INF] Don't generate 304 - Not Modified.  Continue. (b6a7d473)
2024-12-14T14:16:50.4348364+07:00 0HN8S1MMV586L:00000005 [INF] Checking for conditional PUT/PATCH. (bf3cf9be)
2024-12-14T14:16:50.4348410+07:00 0HN8S1MMV586L:00000005 [INF] Not valid - method isn't PUT or PATCH. (671cb4f2)
2024-12-14T14:16:50.4348473+07:00 0HN8S1MMV586L:00000005 [INF] Don't generate 412 - Precondition Failed.  Continue. (08bc4a18)
2024-12-14T14:16:50.4399924+07:00 0HN8S1MMV586L:00000005 [INF] Generating expiration headers. (97875003)
2024-12-14T14:16:50.4400316+07:00 0HN8S1MMV586L:00000005 [INF] Expiration headers generated. Expires: Sat, 14 Dec 2024 07:16:50 GMT. Cache-Control: private,max-age=0,no-store,no-cache,must-revalidate. (eb098d33)
2024-12-14T14:16:50.4400360+07:00 0HN8S1MMV586L:00000005 [INF] Generating Validation headers. (20c08f55)
2024-12-14T14:16:50.4401481+07:00 0HN8S1MMV586L:00000005 [INF] Validation headers generated. ETag: Strong, "B568F966528FC3F0AA2A4F46E09D822B". Last-Modified: Sat, 14 Dec 2024 07:16:50 GMT (ea59a01a)
2024-12-14T14:16:50.4401576+07:00 0HN8S1MMV586L:00000005 [INF] Generating Vary header. (c1174e38)
2024-12-14T14:16:50.4401609+07:00 0HN8S1MMV586L:00000005 [INF] Vary header generated: Accept, Accept-Language, Accept-Encoding. (e081213a)
2024-12-14T14:17:09.6116808+07:00 0HN8S1MMV586L:00000006 [INF] Checking for conditional GET/HEAD. (7e2efcb6)
2024-12-14T14:17:09.6117111+07:00 0HN8S1MMV586L:00000006 [INF] Not valid - no If-None-Match or If-Modified-Since headers. (00e43d04)
2024-12-14T14:17:09.6117145+07:00 0HN8S1MMV586L:00000006 [INF] Don't generate 304 - Not Modified.  Continue. (b6a7d473)
2024-12-14T14:17:09.6117194+07:00 0HN8S1MMV586L:00000006 [INF] Checking for conditional PUT/PATCH. (bf3cf9be)
2024-12-14T14:17:09.6117219+07:00 0HN8S1MMV586L:00000006 [INF] Not valid - method isn't PUT or PATCH. (671cb4f2)
2024-12-14T14:17:09.6117240+07:00 0HN8S1MMV586L:00000006 [INF] Don't generate 412 - Precondition Failed.  Continue. (08bc4a18)
2024-12-14T14:17:09.6282175+07:00 0HN8S1MMV586L:00000006 [INF] Generating expiration headers. (97875003)
2024-12-14T14:17:09.6282666+07:00 0HN8S1MMV586L:00000006 [INF] Expiration headers generated. Expires: Sat, 14 Dec 2024 07:17:09 GMT. Cache-Control: private,max-age=0,no-store,no-cache,must-revalidate. (9eab3f35)
2024-12-14T14:17:09.6282735+07:00 0HN8S1MMV586L:00000006 [INF] Generating Validation headers. (20c08f55)
2024-12-14T14:17:09.6286343+07:00 0HN8S1MMV586L:00000006 [INF] Validation headers generated. ETag: Strong, "3A9350854772556183C38D950108F934". Last-Modified: Sat, 14 Dec 2024 07:17:09 GMT (9ee1fd27)
2024-12-14T14:17:09.6286428+07:00 0HN8S1MMV586L:00000006 [INF] Generating Vary header. (c1174e38)
2024-12-14T14:17:09.6286535+07:00 0HN8S1MMV586L:00000006 [INF] Vary header generated: Accept, Accept-Language, Accept-Encoding. (e081213a)
2024-12-14T14:17:19.0377703+07:00 0HN8S1MMV586L:00000007 [INF] Checking for conditional GET/HEAD. (7e2efcb6)
2024-12-14T14:17:19.0378005+07:00 0HN8S1MMV586L:00000007 [INF] Not valid - no If-None-Match or If-Modified-Since headers. (00e43d04)
2024-12-14T14:17:19.0378041+07:00 0HN8S1MMV586L:00000007 [INF] Don't generate 304 - Not Modified.  Continue. (b6a7d473)
2024-12-14T14:17:19.0378077+07:00 0HN8S1MMV586L:00000007 [INF] Checking for conditional PUT/PATCH. (bf3cf9be)
2024-12-14T14:17:19.0378102+07:00 0HN8S1MMV586L:00000007 [INF] Not valid - method isn't PUT or PATCH. (671cb4f2)
2024-12-14T14:17:19.0378124+07:00 0HN8S1MMV586L:00000007 [INF] Don't generate 412 - Precondition Failed.  Continue. (08bc4a18)
2024-12-14T14:17:19.0422286+07:00 0HN8S1MMV586L:00000007 [INF] Generating expiration headers. (97875003)
2024-12-14T14:17:19.0422665+07:00 0HN8S1MMV586L:00000007 [INF] Expiration headers generated. Expires: Sat, 14 Dec 2024 07:17:19 GMT. Cache-Control: private,max-age=0,no-store,no-cache,must-revalidate. (2418212c)
2024-12-14T14:17:19.0422706+07:00 0HN8S1MMV586L:00000007 [INF] Generating Validation headers. (20c08f55)
2024-12-14T14:17:19.0423859+07:00 0HN8S1MMV586L:00000007 [INF] Validation headers generated. ETag: Strong, "B255D208FA0963C772E8779B2A014AAE". Last-Modified: Sat, 14 Dec 2024 07:17:19 GMT (6dc856c0)
2024-12-14T14:17:19.0423933+07:00 0HN8S1MMV586L:00000007 [INF] Generating Vary header. (c1174e38)
2024-12-14T14:17:19.0424028+07:00 0HN8S1MMV586L:00000007 [INF] Vary header generated: Accept, Accept-Language, Accept-Encoding. (e081213a)
2024-12-14T14:18:29.8266024+07:00 0HN8S1MMV586L:00000008 [INF] Checking for conditional GET/HEAD. (7e2efcb6)
2024-12-14T14:18:29.8266390+07:00 0HN8S1MMV586L:00000008 [INF] Not valid - no If-None-Match or If-Modified-Since headers. (00e43d04)
2024-12-14T14:18:29.8266441+07:00 0HN8S1MMV586L:00000008 [INF] Don't generate 304 - Not Modified.  Continue. (b6a7d473)
2024-12-14T14:18:29.8267791+07:00 0HN8S1MMV586L:00000008 [INF] Checking for conditional PUT/PATCH. (bf3cf9be)
2024-12-14T14:18:29.8267889+07:00 0HN8S1MMV586L:00000008 [INF] Not valid - method isn't PUT or PATCH. (671cb4f2)
2024-12-14T14:18:29.8267987+07:00 0HN8S1MMV586L:00000008 [INF] Don't generate 412 - Precondition Failed.  Continue. (08bc4a18)
2024-12-14T14:18:29.8469441+07:00 0HN8S1MMV586L:00000008 [INF] Generating expiration headers. (97875003)
2024-12-14T14:18:29.8469903+07:00 0HN8S1MMV586L:00000008 [INF] Expiration headers generated. Expires: Sat, 14 Dec 2024 07:18:29 GMT. Cache-Control: private,max-age=0,no-store,no-cache,must-revalidate. (06fc40c6)
2024-12-14T14:18:29.8469968+07:00 0HN8S1MMV586L:00000008 [INF] Generating Validation headers. (20c08f55)
2024-12-14T14:18:29.8473119+07:00 0HN8S1MMV586L:00000008 [INF] Validation headers generated. ETag: Strong, "E70BFE77E9301377B47535010695D68F". Last-Modified: Sat, 14 Dec 2024 07:18:29 GMT (6344a08c)
2024-12-14T14:18:29.8473188+07:00 0HN8S1MMV586L:00000008 [INF] Generating Vary header. (c1174e38)
2024-12-14T14:18:29.8473223+07:00 0HN8S1MMV586L:00000008 [INF] Vary header generated: Accept, Accept-Language, Accept-Encoding. (e081213a)
2024-12-14T14:19:22.4964210+07:00 0HN8S1MMV586L:0000000F [INF] Checking for conditional GET/HEAD. (7e2efcb6)
2024-12-14T14:19:22.4964769+07:00 0HN8S1MMV586L:0000000F [INF] Not valid - method isn't GET or HEAD. (0be1d475)
2024-12-14T14:19:22.4964817+07:00 0HN8S1MMV586L:0000000F [INF] Don't generate 304 - Not Modified.  Continue. (b6a7d473)
2024-12-14T14:19:22.4964882+07:00 0HN8S1MMV586L:0000000F [INF] Checking for conditional PUT/PATCH. (bf3cf9be)
2024-12-14T14:19:22.4964918+07:00 0HN8S1MMV586L:0000000F [INF] Not valid - method isn't PUT or PATCH. (671cb4f2)
2024-12-14T14:19:22.4964961+07:00 0HN8S1MMV586L:0000000F [INF] Don't generate 412 - Precondition Failed.  Continue. (08bc4a18)
2024-12-14T14:19:22.6571694+07:00 0HN8S1MMV586L:0000000F [INF] Generating expiration headers. (97875003)
2024-12-14T14:19:22.6572225+07:00 0HN8S1MMV586L:0000000F [INF] Expiration headers generated. Expires: Sat, 14 Dec 2024 07:19:22 GMT. Cache-Control: private,max-age=0,no-store,no-cache,must-revalidate. (5d2bfba9)
2024-12-14T14:19:22.6572285+07:00 0HN8S1MMV586L:0000000F [INF] Not generating Validation headers as the response status code does not indicate success. (2130aaa7)
2024-12-14T14:19:22.6572321+07:00 0HN8S1MMV586L:0000000F [INF] Generating Vary header. (c1174e38)
2024-12-14T14:19:22.6572358+07:00 0HN8S1MMV586L:0000000F [INF] Vary header generated: Accept, Accept-Language, Accept-Encoding. (e081213a)
2024-12-14T14:19:22.6632118+07:00 0HN8S1MMV586L:00000010 [INF] Checking for conditional GET/HEAD. (7e2efcb6)
2024-12-14T14:19:22.6632435+07:00 0HN8S1MMV586L:00000010 [INF] Not valid - no If-None-Match or If-Modified-Since headers. (00e43d04)
2024-12-14T14:19:22.6632483+07:00 0HN8S1MMV586L:00000010 [INF] Don't generate 304 - Not Modified.  Continue. (b6a7d473)
2024-12-14T14:19:22.6632518+07:00 0HN8S1MMV586L:00000010 [INF] Checking for conditional PUT/PATCH. (bf3cf9be)
2024-12-14T14:19:22.6632540+07:00 0HN8S1MMV586L:00000010 [INF] Not valid - method isn't PUT or PATCH. (671cb4f2)
2024-12-14T14:19:22.6632561+07:00 0HN8S1MMV586L:00000010 [INF] Don't generate 412 - Precondition Failed.  Continue. (08bc4a18)
2024-12-14T14:19:22.7205447+07:00 0HN8S1MMV586L:00000010 [INF] Generating expiration headers. (97875003)
2024-12-14T14:19:22.7206331+07:00 0HN8S1MMV586L:00000010 [INF] Expiration headers generated. Expires: Sat, 14 Dec 2024 07:19:22 GMT. Cache-Control: private,max-age=0,no-store,no-cache,must-revalidate. (5d2bfba9)
2024-12-14T14:19:22.7206413+07:00 0HN8S1MMV586L:00000010 [INF] Not generating Validation headers as the response status code does not indicate success. (2130aaa7)
2024-12-14T14:19:22.7206464+07:00 0HN8S1MMV586L:00000010 [INF] Generating Vary header. (c1174e38)
2024-12-14T14:19:22.7206542+07:00 0HN8S1MMV586L:00000010 [INF] Vary header generated: Accept, Accept-Language, Accept-Encoding. (e081213a)
2024-12-14T14:19:22.7278486+07:00 0HN8S1MMV586L:00000011 [INF] Checking for conditional GET/HEAD. (7e2efcb6)
2024-12-14T14:19:22.7278785+07:00 0HN8S1MMV586L:00000011 [INF] Not valid - no If-None-Match or If-Modified-Since headers. (00e43d04)
2024-12-14T14:19:22.7278867+07:00 0HN8S1MMV586L:00000011 [INF] Don't generate 304 - Not Modified.  Continue. (b6a7d473)
2024-12-14T14:19:22.7278906+07:00 0HN8S1MMV586L:00000011 [INF] Checking for conditional PUT/PATCH. (bf3cf9be)
2024-12-14T14:19:22.7278929+07:00 0HN8S1MMV586L:00000011 [INF] Not valid - method isn't PUT or PATCH. (671cb4f2)
2024-12-14T14:19:22.7278950+07:00 0HN8S1MMV586L:00000011 [INF] Don't generate 412 - Precondition Failed.  Continue. (08bc4a18)
2024-12-14T14:19:22.7441352+07:00 0HN8S1MMV586L:00000011 [INF] Generating expiration headers. (97875003)
2024-12-14T14:19:22.7441690+07:00 0HN8S1MMV586L:00000011 [INF] Expiration headers generated. Expires: Sat, 14 Dec 2024 07:19:22 GMT. Cache-Control: private,max-age=0,no-store,no-cache,must-revalidate. (5d2bfba9)
2024-12-14T14:19:22.7441761+07:00 0HN8S1MMV586L:00000011 [INF] Generating Validation headers. (20c08f55)
2024-12-14T14:19:22.7482590+07:00 0HN8S1MMV586L:00000011 [INF] Validation headers generated. ETag: Strong, "9DCB38BB5E306CE4CBF3B6D16F8B48A0". Last-Modified: Sat, 14 Dec 2024 07:19:22 GMT (823b9564)
2024-12-14T14:19:22.7482820+07:00 0HN8S1MMV586L:00000011 [INF] Generating Vary header. (c1174e38)
2024-12-14T14:19:22.7482905+07:00 0HN8S1MMV586L:00000011 [INF] Vary header generated: Accept, Accept-Language, Accept-Encoding. (e081213a)
2024-12-14T14:19:49.7697669+07:00 0HN8S1MMV586K:0000000A [INF] Checking for conditional GET/HEAD. (7e2efcb6)
2024-12-14T14:19:49.7698002+07:00 0HN8S1MMV586K:0000000A [INF] Not valid - no If-None-Match or If-Modified-Since headers. (00e43d04)
2024-12-14T14:19:49.7698038+07:00 0HN8S1MMV586K:0000000A [INF] Don't generate 304 - Not Modified.  Continue. (b6a7d473)
2024-12-14T14:19:49.7698076+07:00 0HN8S1MMV586K:0000000A [INF] Checking for conditional PUT/PATCH. (bf3cf9be)
2024-12-14T14:19:49.7698104+07:00 0HN8S1MMV586K:0000000A [INF] Not valid - method isn't PUT or PATCH. (671cb4f2)
2024-12-14T14:19:49.7698126+07:00 0HN8S1MMV586K:0000000A [INF] Don't generate 412 - Precondition Failed.  Continue. (08bc4a18)
2024-12-14T14:19:50.4558036+07:00 0HN8S1MMV586K:0000000A [INF] Generating expiration headers. (97875003)
2024-12-14T14:19:50.4558441+07:00 0HN8S1MMV586K:0000000A [INF] Expiration headers generated. Expires: Sat, 14 Dec 2024 07:19:50 GMT. Cache-Control: private,max-age=0,no-store,no-cache,must-revalidate. (b0982719)
2024-12-14T14:19:50.4558514+07:00 0HN8S1MMV586K:0000000A [INF] Generating Validation headers. (20c08f55)
2024-12-14T14:19:50.4562468+07:00 0HN8S1MMV586K:0000000A [INF] Validation headers generated. ETag: Strong, "AA3CEB1D1542DECB2D4507297BA36F9B". Last-Modified: Sat, 14 Dec 2024 07:19:50 GMT (d4f701dd)
2024-12-14T14:19:50.4562565+07:00 0HN8S1MMV586K:0000000A [INF] Generating Vary header. (c1174e38)
2024-12-14T14:19:50.4562637+07:00 0HN8S1MMV586K:0000000A [INF] Vary header generated: Accept, Accept-Language, Accept-Encoding. (e081213a)
2024-12-14T14:20:30.9260554+07:00 0HN8S1MMV586K:0000000B [INF] Checking for conditional GET/HEAD. (7e2efcb6)
2024-12-14T14:20:30.9261095+07:00 0HN8S1MMV586K:0000000B [INF] Not valid - no If-None-Match or If-Modified-Since headers. (00e43d04)
2024-12-14T14:20:30.9261149+07:00 0HN8S1MMV586K:0000000B [INF] Don't generate 304 - Not Modified.  Continue. (b6a7d473)
2024-12-14T14:20:30.9261224+07:00 0HN8S1MMV586K:0000000B [INF] Checking for conditional PUT/PATCH. (bf3cf9be)
2024-12-14T14:20:30.9261264+07:00 0HN8S1MMV586K:0000000B [INF] Not valid - method isn't PUT or PATCH. (671cb4f2)
2024-12-14T14:20:30.9261295+07:00 0HN8S1MMV586K:0000000B [INF] Don't generate 412 - Precondition Failed.  Continue. (08bc4a18)
2024-12-14T14:20:31.2151364+07:00 0HN8S1MMV586K:0000000B [INF] Generating expiration headers. (97875003)
2024-12-14T14:20:31.2151889+07:00 0HN8S1MMV586K:0000000B [INF] Expiration headers generated. Expires: Sat, 14 Dec 2024 07:20:31 GMT. Cache-Control: private,max-age=0,no-store,no-cache,must-revalidate. (df584ca6)
2024-12-14T14:20:31.2151969+07:00 0HN8S1MMV586K:0000000B [INF] Generating Validation headers. (20c08f55)
2024-12-14T14:20:31.2155309+07:00 0HN8S1MMV586K:0000000B [INF] Validation headers generated. ETag: Strong, "90D994FD42E9B2ED50D8D4C5C7C7D188". Last-Modified: Sat, 14 Dec 2024 07:20:31 GMT (d1a3fb15)
2024-12-14T14:20:31.2155392+07:00 0HN8S1MMV586K:0000000B [INF] Generating Vary header. (c1174e38)
2024-12-14T14:20:31.2155433+07:00 0HN8S1MMV586K:0000000B [INF] Vary header generated: Accept, Accept-Language, Accept-Encoding. (e081213a)
2024-12-14T14:21:04.3971033+07:00 0HN8S1MMV586K:00000011 [INF] Checking for conditional GET/HEAD. (7e2efcb6)
2024-12-14T14:21:04.3971619+07:00 0HN8S1MMV586K:00000011 [INF] Not valid - no If-None-Match or If-Modified-Since headers. (00e43d04)
2024-12-14T14:21:04.3971689+07:00 0HN8S1MMV586K:00000011 [INF] Don't generate 304 - Not Modified.  Continue. (b6a7d473)
2024-12-14T14:21:04.3971797+07:00 0HN8S1MMV586K:00000011 [INF] Checking for conditional PUT/PATCH. (bf3cf9be)
2024-12-14T14:21:04.3971832+07:00 0HN8S1MMV586K:00000011 [INF] Not valid - method isn't PUT or PATCH. (671cb4f2)
2024-12-14T14:21:04.3971868+07:00 0HN8S1MMV586K:00000011 [INF] Don't generate 412 - Precondition Failed.  Continue. (08bc4a18)
2024-12-14T14:21:04.4679154+07:00 0HN8S1MMV586K:00000011 [INF] Generating expiration headers. (97875003)
2024-12-14T14:21:04.4679796+07:00 0HN8S1MMV586K:00000011 [INF] Expiration headers generated. Expires: Sat, 14 Dec 2024 07:21:04 GMT. Cache-Control: private,max-age=0,no-store,no-cache,must-revalidate. (48dfdb88)
2024-12-14T14:21:04.4679905+07:00 0HN8S1MMV586K:00000011 [INF] Generating Validation headers. (20c08f55)
2024-12-14T14:21:04.4686483+07:00 0HN8S1MMV586K:00000011 [INF] Validation headers generated. ETag: Strong, "B62B1A0B3407507D36C01E9B46070691". Last-Modified: Sat, 14 Dec 2024 07:21:04 GMT (f59fe84e)
2024-12-14T14:21:04.4686632+07:00 0HN8S1MMV586K:00000011 [INF] Generating Vary header. (c1174e38)
2024-12-14T14:21:04.4686696+07:00 0HN8S1MMV586K:00000011 [INF] Vary header generated: Accept, Accept-Language, Accept-Encoding. (e081213a)
2024-12-14T14:21:06.3870169+07:00 0HN8S1MMV586K:00000012 [INF] Checking for conditional GET/HEAD. (7e2efcb6)
2024-12-14T14:21:06.3870727+07:00 0HN8S1MMV586K:00000012 [INF] Not valid - no If-None-Match or If-Modified-Since headers. (00e43d04)
2024-12-14T14:21:06.3870795+07:00 0HN8S1MMV586K:00000012 [INF] Don't generate 304 - Not Modified.  Continue. (b6a7d473)
2024-12-14T14:21:06.3870868+07:00 0HN8S1MMV586K:00000012 [INF] Checking for conditional PUT/PATCH. (bf3cf9be)
2024-12-14T14:21:06.3870914+07:00 0HN8S1MMV586K:00000012 [INF] Not valid - method isn't PUT or PATCH. (671cb4f2)
2024-12-14T14:21:06.3870970+07:00 0HN8S1MMV586K:00000012 [INF] Don't generate 412 - Precondition Failed.  Continue. (08bc4a18)
2024-12-14T14:21:06.5821318+07:00 0HN8S1MMV586K:00000012 [INF] Generating expiration headers. (97875003)
2024-12-14T14:21:06.5821763+07:00 0HN8S1MMV586K:00000012 [INF] Expiration headers generated. Expires: Sat, 14 Dec 2024 07:21:06 GMT. Cache-Control: private,max-age=0,no-store,no-cache,must-revalidate. (df760f65)
2024-12-14T14:21:06.5821831+07:00 0HN8S1MMV586K:00000012 [INF] Generating Validation headers. (20c08f55)
2024-12-14T14:21:06.5824598+07:00 0HN8S1MMV586K:00000012 [INF] Validation headers generated. ETag: Strong, "91AF0722DAB73EF6B7CB050BD2BE9F97". Last-Modified: Sat, 14 Dec 2024 07:21:06 GMT (89fd0067)
2024-12-14T14:21:06.5824690+07:00 0HN8S1MMV586K:00000012 [INF] Generating Vary header. (c1174e38)
2024-12-14T14:21:06.5824734+07:00 0HN8S1MMV586K:00000012 [INF] Vary header generated: Accept, Accept-Language, Accept-Encoding. (e081213a)
2024-12-14T14:21:35.2281700+07:00 0HN8S1MMV586K:00000013 [INF] Checking for conditional GET/HEAD. (7e2efcb6)
2024-12-14T14:21:35.2282890+07:00 0HN8S1MMV586K:00000013 [INF] Not valid - no If-None-Match or If-Modified-Since headers. (00e43d04)
2024-12-14T14:21:35.2282992+07:00 0HN8S1MMV586K:00000013 [INF] Don't generate 304 - Not Modified.  Continue. (b6a7d473)
2024-12-14T14:21:35.2283031+07:00 0HN8S1MMV586K:00000013 [INF] Checking for conditional PUT/PATCH. (bf3cf9be)
2024-12-14T14:21:35.2283057+07:00 0HN8S1MMV586K:00000013 [INF] Not valid - method isn't PUT or PATCH. (671cb4f2)
2024-12-14T14:21:35.2283078+07:00 0HN8S1MMV586K:00000013 [INF] Don't generate 412 - Precondition Failed.  Continue. (08bc4a18)
2024-12-14T14:21:35.2924670+07:00 0HN8S1MMV586K:00000013 [INF] Generating expiration headers. (97875003)
2024-12-14T14:21:35.2925349+07:00 0HN8S1MMV586K:00000013 [INF] Expiration headers generated. Expires: Sat, 14 Dec 2024 07:21:35 GMT. Cache-Control: private,max-age=0,no-store,no-cache,must-revalidate. (3385f251)
2024-12-14T14:21:35.2925450+07:00 0HN8S1MMV586K:00000013 [INF] Generating Validation headers. (20c08f55)
2024-12-14T14:21:35.2931943+07:00 0HN8S1MMV586K:00000013 [INF] Validation headers generated. ETag: Strong, "BA907FDD765A51F8484CC07218AAD4D7". Last-Modified: Sat, 14 Dec 2024 07:21:35 GMT (2d8964e1)
2024-12-14T14:21:35.2932125+07:00 0HN8S1MMV586K:00000013 [INF] Generating Vary header. (c1174e38)
2024-12-14T14:21:35.2932212+07:00 0HN8S1MMV586K:00000013 [INF] Vary header generated: Accept, Accept-Language, Accept-Encoding. (e081213a)
2024-12-14T14:21:38.6955778+07:00 0HN8S1MMV586K:00000014 [INF] Checking for conditional GET/HEAD. (7e2efcb6)
2024-12-14T14:21:38.6956169+07:00 0HN8S1MMV586K:00000014 [INF] Not valid - no If-None-Match or If-Modified-Since headers. (00e43d04)
2024-12-14T14:21:38.6956224+07:00 0HN8S1MMV586K:00000014 [INF] Don't generate 304 - Not Modified.  Continue. (b6a7d473)
2024-12-14T14:21:38.6956298+07:00 0HN8S1MMV586K:00000014 [INF] Checking for conditional PUT/PATCH. (bf3cf9be)
2024-12-14T14:21:38.6956329+07:00 0HN8S1MMV586K:00000014 [INF] Not valid - method isn't PUT or PATCH. (671cb4f2)
2024-12-14T14:21:38.6956361+07:00 0HN8S1MMV586K:00000014 [INF] Don't generate 412 - Precondition Failed.  Continue. (08bc4a18)
2024-12-14T14:21:38.8788913+07:00 0HN8S1MMV586K:00000014 [INF] Generating expiration headers. (97875003)
2024-12-14T14:21:38.8789341+07:00 0HN8S1MMV586K:00000014 [INF] Expiration headers generated. Expires: Sat, 14 Dec 2024 07:21:38 GMT. Cache-Control: private,max-age=0,no-store,no-cache,must-revalidate. (13b1d3a8)
2024-12-14T14:21:38.8789410+07:00 0HN8S1MMV586K:00000014 [INF] Generating Validation headers. (20c08f55)
2024-12-14T14:21:38.8792233+07:00 0HN8S1MMV586K:00000014 [INF] Validation headers generated. ETag: Strong, "C4A023C7826E640FCA533F3D6795BDEC". Last-Modified: Sat, 14 Dec 2024 07:21:38 GMT (0c35d50d)
2024-12-14T14:21:38.8792313+07:00 0HN8S1MMV586K:00000014 [INF] Generating Vary header. (c1174e38)
2024-12-14T14:21:38.8792355+07:00 0HN8S1MMV586K:00000014 [INF] Vary header generated: Accept, Accept-Language, Accept-Encoding. (e081213a)
2024-12-14T14:22:05.2922468+07:00 0HN8S1MMV586L:00000017 [INF] Checking for conditional GET/HEAD. (7e2efcb6)
2024-12-14T14:22:05.2922977+07:00 0HN8S1MMV586L:00000017 [INF] Not valid - no If-None-Match or If-Modified-Since headers. (00e43d04)
2024-12-14T14:22:05.2923022+07:00 0HN8S1MMV586L:00000017 [INF] Don't generate 304 - Not Modified.  Continue. (b6a7d473)
2024-12-14T14:22:05.2923085+07:00 0HN8S1MMV586L:00000017 [INF] Checking for conditional PUT/PATCH. (bf3cf9be)
2024-12-14T14:22:05.2923227+07:00 0HN8S1MMV586L:00000017 [INF] Not valid - method isn't PUT or PATCH. (671cb4f2)
2024-12-14T14:22:05.2923269+07:00 0HN8S1MMV586L:00000017 [INF] Don't generate 412 - Precondition Failed.  Continue. (08bc4a18)
2024-12-14T14:22:05.3324369+07:00 0HN8S1MMV586L:00000017 [INF] Generating expiration headers. (97875003)
2024-12-14T14:22:05.3324815+07:00 0HN8S1MMV586L:00000017 [INF] Expiration headers generated. Expires: Sat, 14 Dec 2024 07:22:05 GMT. Cache-Control: private,max-age=0,no-store,no-cache,must-revalidate. (2f3f18b0)
2024-12-14T14:22:05.3324873+07:00 0HN8S1MMV586L:00000017 [INF] Generating Validation headers. (20c08f55)
2024-12-14T14:22:05.3329338+07:00 0HN8S1MMV586L:00000017 [INF] Validation headers generated. ETag: Strong, "2E11C8CFEAC2D22916904A8160272536". Last-Modified: Sat, 14 Dec 2024 07:22:05 GMT (256f4d31)
2024-12-14T14:22:05.3329418+07:00 0HN8S1MMV586L:00000017 [INF] Generating Vary header. (c1174e38)
2024-12-14T14:22:05.3329465+07:00 0HN8S1MMV586L:00000017 [INF] Vary header generated: Accept, Accept-Language, Accept-Encoding. (e081213a)
2024-12-14T14:23:22.5477781+07:00 0HN8S1MMV586L:00000018 [INF] Checking for conditional GET/HEAD. (7e2efcb6)
2024-12-14T14:23:22.5478205+07:00 0HN8S1MMV586L:00000018 [INF] Not valid - no If-None-Match or If-Modified-Since headers. (00e43d04)
2024-12-14T14:23:22.5478248+07:00 0HN8S1MMV586L:00000018 [INF] Don't generate 304 - Not Modified.  Continue. (b6a7d473)
2024-12-14T14:23:22.5478293+07:00 0HN8S1MMV586L:00000018 [INF] Checking for conditional PUT/PATCH. (bf3cf9be)
2024-12-14T14:23:22.5478321+07:00 0HN8S1MMV586L:00000018 [INF] Not valid - method isn't PUT or PATCH. (671cb4f2)
2024-12-14T14:23:22.5478357+07:00 0HN8S1MMV586L:00000018 [INF] Don't generate 412 - Precondition Failed.  Continue. (08bc4a18)
2024-12-14T14:23:22.5756978+07:00 0HN8S1MMV586L:00000018 [INF] Generating expiration headers. (97875003)
2024-12-14T14:23:22.5757469+07:00 0HN8S1MMV586L:00000018 [INF] Expiration headers generated. Expires: Sat, 14 Dec 2024 07:23:22 GMT. Cache-Control: private,max-age=0,no-store,no-cache,must-revalidate. (9ee550d9)
2024-12-14T14:23:22.5757529+07:00 0HN8S1MMV586L:00000018 [INF] Generating Validation headers. (20c08f55)
2024-12-14T14:23:22.5760697+07:00 0HN8S1MMV586L:00000018 [INF] Validation headers generated. ETag: Strong, "0D709D328431A6CC7673FEEE60C24A10". Last-Modified: Sat, 14 Dec 2024 07:23:22 GMT (f0a1ea87)
2024-12-14T14:23:22.5760787+07:00 0HN8S1MMV586L:00000018 [INF] Generating Vary header. (c1174e38)
2024-12-14T14:23:22.5760835+07:00 0HN8S1MMV586L:00000018 [INF] Vary header generated: Accept, Accept-Language, Accept-Encoding. (e081213a)
2024-12-14T14:23:50.5027729+07:00 0HN8S1MMV586K:0000001B [INF] Checking for conditional GET/HEAD. (7e2efcb6)
2024-12-14T14:23:50.5028056+07:00 0HN8S1MMV586K:0000001B [INF] Not valid - no If-None-Match or If-Modified-Since headers. (00e43d04)
2024-12-14T14:23:50.5028109+07:00 0HN8S1MMV586K:0000001B [INF] Don't generate 304 - Not Modified.  Continue. (b6a7d473)
2024-12-14T14:23:50.5028150+07:00 0HN8S1MMV586K:0000001B [INF] Checking for conditional PUT/PATCH. (bf3cf9be)
2024-12-14T14:23:50.5028174+07:00 0HN8S1MMV586K:0000001B [INF] Not valid - method isn't PUT or PATCH. (671cb4f2)
2024-12-14T14:23:50.5028196+07:00 0HN8S1MMV586K:0000001B [INF] Don't generate 412 - Precondition Failed.  Continue. (08bc4a18)
2024-12-14T14:23:50.5776963+07:00 0HN8S1MMV586K:0000001B [INF] Generating expiration headers. (97875003)
2024-12-14T14:23:50.5777453+07:00 0HN8S1MMV586K:0000001B [INF] Expiration headers generated. Expires: Sat, 14 Dec 2024 07:23:50 GMT. Cache-Control: private,max-age=0,no-store,no-cache,must-revalidate. (e3ac89ac)
2024-12-14T14:23:50.5777498+07:00 0HN8S1MMV586K:0000001B [INF] Not generating Validation headers as the response status code does not indicate success. (2130aaa7)
2024-12-14T14:23:50.5777533+07:00 0HN8S1MMV586K:0000001B [INF] Generating Vary header. (c1174e38)
2024-12-14T14:23:50.5777573+07:00 0HN8S1MMV586K:0000001B [INF] Vary header generated: Accept, Accept-Language, Accept-Encoding. (e081213a)
2024-12-14T14:23:50.5832445+07:00 0HN8S1MMV586K:0000001C [INF] Checking for conditional GET/HEAD. (7e2efcb6)
2024-12-14T14:23:50.5832739+07:00 0HN8S1MMV586K:0000001C [INF] Not valid - no If-None-Match or If-Modified-Since headers. (00e43d04)
2024-12-14T14:23:50.5832772+07:00 0HN8S1MMV586K:0000001C [INF] Don't generate 304 - Not Modified.  Continue. (b6a7d473)
2024-12-14T14:23:50.5832815+07:00 0HN8S1MMV586K:0000001C [INF] Checking for conditional PUT/PATCH. (bf3cf9be)
2024-12-14T14:23:50.5832840+07:00 0HN8S1MMV586K:0000001C [INF] Not valid - method isn't PUT or PATCH. (671cb4f2)
2024-12-14T14:23:50.5832868+07:00 0HN8S1MMV586K:0000001C [INF] Don't generate 412 - Precondition Failed.  Continue. (08bc4a18)
2024-12-14T14:23:50.5994714+07:00 0HN8S1MMV586K:0000001C [INF] Generating expiration headers. (97875003)
2024-12-14T14:23:50.5995105+07:00 0HN8S1MMV586K:0000001C [INF] Expiration headers generated. Expires: Sat, 14 Dec 2024 07:23:50 GMT. Cache-Control: private,max-age=0,no-store,no-cache,must-revalidate. (e3ac89ac)
2024-12-14T14:23:50.5995163+07:00 0HN8S1MMV586K:0000001C [INF] Generating Validation headers. (20c08f55)
2024-12-14T14:23:50.5997740+07:00 0HN8S1MMV586K:0000001C [INF] Validation headers generated. ETag: Strong, "C073BC10988F2BEE49863985BE80836C". Last-Modified: Sat, 14 Dec 2024 07:23:50 GMT (c6e922cf)
2024-12-14T14:23:50.5997782+07:00 0HN8S1MMV586K:0000001C [INF] Generating Vary header. (c1174e38)
2024-12-14T14:23:50.5997828+07:00 0HN8S1MMV586K:0000001C [INF] Vary header generated: Accept, Accept-Language, Accept-Encoding. (e081213a)
2024-12-14T14:23:52.6666143+07:00 0HN8S1MMV586K:0000001E [INF] Checking for conditional GET/HEAD. (7e2efcb6)
2024-12-14T14:23:52.6666538+07:00 0HN8S1MMV586K:0000001E [INF] Not valid - no If-None-Match or If-Modified-Since headers. (00e43d04)
2024-12-14T14:23:52.6666579+07:00 0HN8S1MMV586K:0000001E [INF] Don't generate 304 - Not Modified.  Continue. (b6a7d473)
2024-12-14T14:23:52.6666635+07:00 0HN8S1MMV586K:0000001E [INF] Checking for conditional PUT/PATCH. (bf3cf9be)
2024-12-14T14:23:52.6666675+07:00 0HN8S1MMV586K:0000001E [INF] Not valid - method isn't PUT or PATCH. (671cb4f2)
2024-12-14T14:23:52.6666696+07:00 0HN8S1MMV586K:0000001E [INF] Don't generate 412 - Precondition Failed.  Continue. (08bc4a18)
2024-12-14T14:23:52.6852200+07:00 0HN8S1MMV586K:0000001E [INF] Generating expiration headers. (97875003)
2024-12-14T14:23:52.6852612+07:00 0HN8S1MMV586K:0000001E [INF] Expiration headers generated. Expires: Sat, 14 Dec 2024 07:23:52 GMT. Cache-Control: private,max-age=0,no-store,no-cache,must-revalidate. (54c2f2a4)
2024-12-14T14:23:52.6852669+07:00 0HN8S1MMV586K:0000001E [INF] Generating Validation headers. (20c08f55)
2024-12-14T14:23:52.6854915+07:00 0HN8S1MMV586K:0000001E [INF] Validation headers generated. ETag: Strong, "E99B0F5FF87F8603B6E06DE2C4BDC080". Last-Modified: Sat, 14 Dec 2024 07:23:52 GMT (7a5958b8)
2024-12-14T14:23:52.6855010+07:00 0HN8S1MMV586K:0000001E [INF] Generating Vary header. (c1174e38)
2024-12-14T14:23:52.6855050+07:00 0HN8S1MMV586K:0000001E [INF] Vary header generated: Accept, Accept-Language, Accept-Encoding. (e081213a)
2024-12-14T14:39:44.1868593+07:00  [INF] Application is shutting down... (90f52c38)
2024-12-14T14:39:44.1879123+07:00  [DBG] Hosting stopping (cbc9c32e)
2024-12-14T14:39:44.1928479+07:00  [DBG] Hosting stopped (73fd4889)
