2025-01-14T15:48:30.7195847+07:00  [DBG] Hosting starting (32b26330)
2025-01-14T15:48:30.8808186+07:00  [INF] Now listening on: "http://localhost:5000" (d826f4b8)
2025-01-14T15:48:30.8811192+07:00  [INF] Application started. Press Ctrl+C to shut down. (dcaefe54)
2025-01-14T15:48:30.8814231+07:00  [INF] Hosting environment: "Development" (bc5a1a4e)
2025-01-14T15:48:30.8814577+07:00  [INF] Content root path: "E:\chatbot" (cc26f24e)
2025-01-14T15:48:30.8814876+07:00  [DBG] Hosting started (e6def423)
2025-01-14T15:50:20.3995242+07:00 0HN9KF1SV565M:00000001 [INF] Checking for conditional GET/HEAD. (7e2efcb6)
2025-01-14T15:50:20.4030107+07:00 0HN9KF1SV565M:00000001 [INF] Not valid - no If-None-Match or If-Modified-Since headers. (00e43d04)
2025-01-14T15:50:20.4031038+07:00 0HN9KF1SV565M:00000001 [INF] Don't generate 304 - Not Modified.  Continue. (b6a7d473)
2025-01-14T15:50:20.4042570+07:00 0HN9KF1SV565M:00000001 [INF] Checking for conditional PUT/PATCH. (bf3cf9be)
2025-01-14T15:50:20.4043007+07:00 0HN9KF1SV565M:00000001 [INF] Not valid - method isn't PUT or PATCH. (671cb4f2)
2025-01-14T15:50:20.4043197+07:00 0HN9KF1SV565M:00000001 [INF] Don't generate 412 - Precondition Failed.  Continue. (08bc4a18)
2025-01-14T15:50:20.7911281+07:00 0HN9KF1SV565M:00000001 [INF] Generating expiration headers. (97875003)
2025-01-14T15:50:20.7915365+07:00 0HN9KF1SV565M:00000001 [INF] Expiration headers generated. Expires: Tue, 14 Jan 2025 08:50:20 GMT. Cache-Control: private,max-age=0,no-store,no-cache,must-revalidate. (3df7ff18)
2025-01-14T15:50:20.7927805+07:00 0HN9KF1SV565M:00000001 [INF] Not generating Validation headers as the response status code does not indicate success. (2130aaa7)
2025-01-14T15:50:20.7929544+07:00 0HN9KF1SV565M:00000001 [INF] Generating Vary header. (c1174e38)
2025-01-14T15:50:20.7930276+07:00 0HN9KF1SV565M:00000001 [INF] Vary header generated: Accept, Accept-Language, Accept-Encoding. (e081213a)
2025-01-14T15:50:20.8042623+07:00 0HN9KF1SV565M:00000002 [INF] Checking for conditional GET/HEAD. (7e2efcb6)
2025-01-14T15:50:20.8043405+07:00 0HN9KF1SV565M:00000002 [INF] Not valid - no If-None-Match or If-Modified-Since headers. (00e43d04)
2025-01-14T15:50:20.8043640+07:00 0HN9KF1SV565M:00000002 [INF] Don't generate 304 - Not Modified.  Continue. (b6a7d473)
2025-01-14T15:50:20.8043896+07:00 0HN9KF1SV565M:00000002 [INF] Checking for conditional PUT/PATCH. (bf3cf9be)
2025-01-14T15:50:20.8044068+07:00 0HN9KF1SV565M:00000002 [INF] Not valid - method isn't PUT or PATCH. (671cb4f2)
2025-01-14T15:50:20.8044203+07:00 0HN9KF1SV565M:00000002 [INF] Don't generate 412 - Precondition Failed.  Continue. (08bc4a18)
2025-01-14T15:50:37.3238132+07:00 0HN9KF1SV565M:00000002 [INF] Generating expiration headers. (97875003)
2025-01-14T15:50:37.3239542+07:00 0HN9KF1SV565M:00000002 [INF] Expiration headers generated. Expires: Tue, 14 Jan 2025 08:50:37 GMT. Cache-Control: private,max-age=0,no-store,no-cache,must-revalidate. (16894b16)
2025-01-14T15:50:37.3239804+07:00 0HN9KF1SV565M:00000002 [INF] Generating Validation headers. (20c08f55)
2025-01-14T15:50:37.3546608+07:00 0HN9KF1SV565M:00000002 [INF] Validation headers generated. ETag: Strong, "13EDBA451614FC40D70F22A48B7B557A". Last-Modified: Tue, 14 Jan 2025 08:50:37 GMT (8917b58b)
2025-01-14T15:50:37.3547024+07:00 0HN9KF1SV565M:00000002 [INF] Generating Vary header. (c1174e38)
2025-01-14T15:50:37.3547313+07:00 0HN9KF1SV565M:00000002 [INF] Vary header generated: Accept, Accept-Language, Accept-Encoding. (e081213a)
2025-01-14T15:50:41.9657914+07:00 0HN9KF1SV565Q:00000009 [INF] Checking for conditional GET/HEAD. (7e2efcb6)
2025-01-14T15:50:41.9659046+07:00 0HN9KF1SV565Q:00000009 [INF] Not valid - no If-None-Match or If-Modified-Since headers. (00e43d04)
2025-01-14T15:50:41.9659371+07:00 0HN9KF1SV565Q:00000009 [INF] Don't generate 304 - Not Modified.  Continue. (b6a7d473)
2025-01-14T15:50:41.9660275+07:00 0HN9KF1SV565Q:00000009 [INF] Checking for conditional PUT/PATCH. (bf3cf9be)
2025-01-14T15:50:41.9660535+07:00 0HN9KF1SV565Q:00000009 [INF] Not valid - method isn't PUT or PATCH. (671cb4f2)
2025-01-14T15:50:41.9660704+07:00 0HN9KF1SV565Q:00000009 [INF] Don't generate 412 - Precondition Failed.  Continue. (08bc4a18)
2025-01-14T15:50:42.5597194+07:00 0HN9KF1SV565Q:00000009 [INF] Generating expiration headers. (97875003)
2025-01-14T15:50:42.5598631+07:00 0HN9KF1SV565Q:00000009 [INF] Expiration headers generated. Expires: Tue, 14 Jan 2025 08:50:42 GMT. Cache-Control: private,max-age=0,no-store,no-cache,must-revalidate. (c16715d5)
2025-01-14T15:50:42.5598816+07:00 0HN9KF1SV565Q:00000009 [INF] Generating Validation headers. (20c08f55)
2025-01-14T15:50:42.5605225+07:00 0HN9KF1SV565Q:00000009 [INF] Validation headers generated. ETag: Strong, "C1ED12B3D21B3DEE43C10A927562D5B2". Last-Modified: Tue, 14 Jan 2025 08:50:42 GMT (8a923417)
2025-01-14T15:50:42.5605453+07:00 0HN9KF1SV565Q:00000009 [INF] Generating Vary header. (c1174e38)
2025-01-14T15:50:42.5605555+07:00 0HN9KF1SV565Q:00000009 [INF] Vary header generated: Accept, Accept-Language, Accept-Encoding. (e081213a)
2025-01-14T15:50:51.1783453+07:00 0HN9KF1SV565Q:0000000B [INF] Checking for conditional GET/HEAD. (7e2efcb6)
2025-01-14T15:50:51.1786473+07:00 0HN9KF1SV565Q:0000000B [INF] Not valid - method isn't GET or HEAD. (0be1d475)
2025-01-14T15:50:51.1786684+07:00 0HN9KF1SV565Q:0000000B [INF] Don't generate 304 - Not Modified.  Continue. (b6a7d473)
2025-01-14T15:50:51.1786813+07:00 0HN9KF1SV565Q:0000000B [INF] Checking for conditional PUT/PATCH. (bf3cf9be)
2025-01-14T15:50:51.1786897+07:00 0HN9KF1SV565Q:0000000B [INF] Not valid - method isn't PUT or PATCH. (671cb4f2)
2025-01-14T15:50:51.1787001+07:00 0HN9KF1SV565Q:0000000B [INF] Don't generate 412 - Precondition Failed.  Continue. (08bc4a18)
2025-01-14T15:50:51.3649409+07:00 0HN9KF1SV565Q:0000000B [INF] Generating expiration headers. (97875003)
2025-01-14T15:50:51.3650548+07:00 0HN9KF1SV565Q:0000000B [INF] Expiration headers generated. Expires: Tue, 14 Jan 2025 08:50:51 GMT. Cache-Control: private,max-age=0,no-store,no-cache,must-revalidate. (222abcc1)
2025-01-14T15:50:51.3650671+07:00 0HN9KF1SV565Q:0000000B [INF] Not generating Validation headers as the response status code does not indicate success. (2130aaa7)
2025-01-14T15:50:51.3650734+07:00 0HN9KF1SV565Q:0000000B [INF] Generating Vary header. (c1174e38)
2025-01-14T15:50:51.3650821+07:00 0HN9KF1SV565Q:0000000B [INF] Vary header generated: Accept, Accept-Language, Accept-Encoding. (e081213a)
2025-01-14T15:50:51.3712560+07:00 0HN9KF1SV565Q:0000000C [INF] Checking for conditional GET/HEAD. (7e2efcb6)
2025-01-14T15:50:51.3713231+07:00 0HN9KF1SV565Q:0000000C [INF] Not valid - no If-None-Match or If-Modified-Since headers. (00e43d04)
2025-01-14T15:50:51.3713367+07:00 0HN9KF1SV565Q:0000000C [INF] Don't generate 304 - Not Modified.  Continue. (b6a7d473)
2025-01-14T15:50:51.3714511+07:00 0HN9KF1SV565Q:0000000C [INF] Checking for conditional PUT/PATCH. (bf3cf9be)
2025-01-14T15:50:51.3714830+07:00 0HN9KF1SV565Q:0000000C [INF] Not valid - method isn't PUT or PATCH. (671cb4f2)
2025-01-14T15:50:51.3715111+07:00 0HN9KF1SV565Q:0000000C [INF] Don't generate 412 - Precondition Failed.  Continue. (08bc4a18)
2025-01-14T15:50:51.4266314+07:00 0HN9KF1SV565Q:0000000C [INF] Generating expiration headers. (97875003)
2025-01-14T15:50:51.4266959+07:00 0HN9KF1SV565Q:0000000C [INF] Expiration headers generated. Expires: Tue, 14 Jan 2025 08:50:51 GMT. Cache-Control: private,max-age=0,no-store,no-cache,must-revalidate. (222abcc1)
2025-01-14T15:50:51.4267057+07:00 0HN9KF1SV565Q:0000000C [INF] Not generating Validation headers as the response status code does not indicate success. (2130aaa7)
2025-01-14T15:50:51.4267180+07:00 0HN9KF1SV565Q:0000000C [INF] Generating Vary header. (c1174e38)
2025-01-14T15:50:51.4267253+07:00 0HN9KF1SV565Q:0000000C [INF] Vary header generated: Accept, Accept-Language, Accept-Encoding. (e081213a)
2025-01-14T15:50:51.4326760+07:00 0HN9KF1SV565Q:0000000D [INF] Checking for conditional GET/HEAD. (7e2efcb6)
2025-01-14T15:50:51.4327173+07:00 0HN9KF1SV565Q:0000000D [INF] Not valid - no If-None-Match or If-Modified-Since headers. (00e43d04)
2025-01-14T15:50:51.4327251+07:00 0HN9KF1SV565Q:0000000D [INF] Don't generate 304 - Not Modified.  Continue. (b6a7d473)
2025-01-14T15:50:51.4327312+07:00 0HN9KF1SV565Q:0000000D [INF] Checking for conditional PUT/PATCH. (bf3cf9be)
2025-01-14T15:50:51.4327407+07:00 0HN9KF1SV565Q:0000000D [INF] Not valid - method isn't PUT or PATCH. (671cb4f2)
2025-01-14T15:50:51.4327482+07:00 0HN9KF1SV565Q:0000000D [INF] Don't generate 412 - Precondition Failed.  Continue. (08bc4a18)
2025-01-14T15:50:51.4653117+07:00 0HN9KF1SV565Q:0000000D [INF] Generating expiration headers. (97875003)
2025-01-14T15:50:51.4653833+07:00 0HN9KF1SV565Q:0000000D [INF] Expiration headers generated. Expires: Tue, 14 Jan 2025 08:50:51 GMT. Cache-Control: private,max-age=0,no-store,no-cache,must-revalidate. (222abcc1)
2025-01-14T15:50:51.4654126+07:00 0HN9KF1SV565Q:0000000D [INF] Generating Validation headers. (20c08f55)
2025-01-14T15:50:51.4657730+07:00 0HN9KF1SV565Q:0000000D [INF] Validation headers generated. ETag: Strong, "B3C9D07AB1EDE1068800C6398C7AF27D". Last-Modified: Tue, 14 Jan 2025 08:50:51 GMT (7125c586)
2025-01-14T15:50:51.4657881+07:00 0HN9KF1SV565Q:0000000D [INF] Generating Vary header. (c1174e38)
2025-01-14T15:50:51.4657995+07:00 0HN9KF1SV565Q:0000000D [INF] Vary header generated: Accept, Accept-Language, Accept-Encoding. (e081213a)
2025-01-14T15:50:52.9692388+07:00 0HN9KF1SV565Q:0000000E [INF] Checking for conditional GET/HEAD. (7e2efcb6)
2025-01-14T15:50:52.9695239+07:00 0HN9KF1SV565Q:0000000E [INF] Not valid - no If-None-Match or If-Modified-Since headers. (00e43d04)
2025-01-14T15:50:52.9695360+07:00 0HN9KF1SV565Q:0000000E [INF] Don't generate 304 - Not Modified.  Continue. (b6a7d473)
2025-01-14T15:50:52.9695469+07:00 0HN9KF1SV565Q:0000000E [INF] Checking for conditional PUT/PATCH. (bf3cf9be)
2025-01-14T15:50:52.9695511+07:00 0HN9KF1SV565Q:0000000E [INF] Not valid - method isn't PUT or PATCH. (671cb4f2)
2025-01-14T15:50:52.9695558+07:00 0HN9KF1SV565Q:0000000E [INF] Don't generate 412 - Precondition Failed.  Continue. (08bc4a18)
2025-01-14T15:50:54.7596170+07:00 0HN9KF1SV565Q:0000000E [INF] Generating expiration headers. (97875003)
2025-01-14T15:50:54.7596725+07:00 0HN9KF1SV565Q:0000000E [INF] Expiration headers generated. Expires: Tue, 14 Jan 2025 08:50:54 GMT. Cache-Control: private,max-age=0,no-store,no-cache,must-revalidate. (76baa920)
2025-01-14T15:50:54.7596862+07:00 0HN9KF1SV565Q:0000000E [INF] Generating Validation headers. (20c08f55)
2025-01-14T15:50:54.7601581+07:00 0HN9KF1SV565Q:0000000E [INF] Validation headers generated. ETag: Strong, "5A7947ED2CEA9E6EEB4CA8289C5FAD31". Last-Modified: Tue, 14 Jan 2025 08:50:54 GMT (8c20991a)
2025-01-14T15:50:54.7601682+07:00 0HN9KF1SV565Q:0000000E [INF] Generating Vary header. (c1174e38)
2025-01-14T15:50:54.7601727+07:00 0HN9KF1SV565Q:0000000E [INF] Vary header generated: Accept, Accept-Language, Accept-Encoding. (e081213a)
2025-01-14T15:51:03.4985742+07:00 0HN9KF1SV565Q:00000010 [INF] Checking for conditional GET/HEAD. (7e2efcb6)
2025-01-14T15:51:03.4986411+07:00 0HN9KF1SV565Q:00000010 [INF] Not valid - no If-None-Match or If-Modified-Since headers. (00e43d04)
2025-01-14T15:51:03.4986487+07:00 0HN9KF1SV565Q:00000010 [INF] Don't generate 304 - Not Modified.  Continue. (b6a7d473)
2025-01-14T15:51:03.4986573+07:00 0HN9KF1SV565Q:00000010 [INF] Checking for conditional PUT/PATCH. (bf3cf9be)
2025-01-14T15:51:03.4986624+07:00 0HN9KF1SV565Q:00000010 [INF] Not valid - method isn't PUT or PATCH. (671cb4f2)
2025-01-14T15:51:03.4986681+07:00 0HN9KF1SV565Q:00000010 [INF] Don't generate 412 - Precondition Failed.  Continue. (08bc4a18)
2025-01-14T15:51:03.9979348+07:00 0HN9KF1SV565Q:00000010 [INF] Generating expiration headers. (97875003)
2025-01-14T15:51:03.9979878+07:00 0HN9KF1SV565Q:00000010 [INF] Expiration headers generated. Expires: Tue, 14 Jan 2025 08:51:03 GMT. Cache-Control: private,max-age=0,no-store,no-cache,must-revalidate. (77846c82)
2025-01-14T15:51:03.9979964+07:00 0HN9KF1SV565Q:00000010 [INF] Generating Validation headers. (20c08f55)
2025-01-14T15:51:03.9983569+07:00 0HN9KF1SV565Q:00000010 [INF] Validation headers generated. ETag: Strong, "2E2CAF6ACD4FE086A52CCCBB2C8E9F45". Last-Modified: Tue, 14 Jan 2025 08:51:03 GMT (910d95d7)
2025-01-14T15:51:03.9983661+07:00 0HN9KF1SV565Q:00000010 [INF] Generating Vary header. (c1174e38)
2025-01-14T15:51:03.9983706+07:00 0HN9KF1SV565Q:00000010 [INF] Vary header generated: Accept, Accept-Language, Accept-Encoding. (e081213a)
2025-01-14T15:51:09.7303573+07:00 0HN9KF1SV565Q:00000011 [INF] Checking for conditional GET/HEAD. (7e2efcb6)
2025-01-14T15:51:09.7303920+07:00 0HN9KF1SV565Q:00000011 [INF] Not valid - no If-None-Match or If-Modified-Since headers. (00e43d04)
2025-01-14T15:51:09.7303955+07:00 0HN9KF1SV565Q:00000011 [INF] Don't generate 304 - Not Modified.  Continue. (b6a7d473)
2025-01-14T15:51:09.7303995+07:00 0HN9KF1SV565Q:00000011 [INF] Checking for conditional PUT/PATCH. (bf3cf9be)
2025-01-14T15:51:09.7304033+07:00 0HN9KF1SV565Q:00000011 [INF] Not valid - method isn't PUT or PATCH. (671cb4f2)
2025-01-14T15:51:09.7305183+07:00 0HN9KF1SV565Q:00000011 [INF] Don't generate 412 - Precondition Failed.  Continue. (08bc4a18)
2025-01-14T15:51:09.7902025+07:00 0HN9KF1SV565Q:00000011 [INF] Generating expiration headers. (97875003)
2025-01-14T15:51:09.7902571+07:00 0HN9KF1SV565Q:00000011 [INF] Expiration headers generated. Expires: Tue, 14 Jan 2025 08:51:09 GMT. Cache-Control: private,max-age=0,no-store,no-cache,must-revalidate. (0c887ea7)
2025-01-14T15:51:09.7902642+07:00 0HN9KF1SV565Q:00000011 [INF] Generating Validation headers. (20c08f55)
2025-01-14T15:51:09.7907619+07:00 0HN9KF1SV565Q:00000011 [INF] Validation headers generated. ETag: Strong, "B1143C85B0ECC7A0F46B04754682498E". Last-Modified: Tue, 14 Jan 2025 08:51:09 GMT (0d619b8d)
2025-01-14T15:51:09.7907694+07:00 0HN9KF1SV565Q:00000011 [INF] Generating Vary header. (c1174e38)
2025-01-14T15:51:09.7919667+07:00 0HN9KF1SV565Q:00000011 [INF] Vary header generated: Accept, Accept-Language, Accept-Encoding. (e081213a)
2025-01-14T15:51:13.9139954+07:00 0HN9KF1SV565Q:00000012 [INF] Checking for conditional GET/HEAD. (7e2efcb6)
2025-01-14T15:51:13.9140948+07:00 0HN9KF1SV565Q:00000012 [INF] Not valid - no If-None-Match or If-Modified-Since headers. (00e43d04)
2025-01-14T15:51:13.9141453+07:00 0HN9KF1SV565Q:00000012 [INF] Don't generate 304 - Not Modified.  Continue. (b6a7d473)
2025-01-14T15:51:13.9141534+07:00 0HN9KF1SV565Q:00000012 [INF] Checking for conditional PUT/PATCH. (bf3cf9be)
2025-01-14T15:51:13.9141581+07:00 0HN9KF1SV565Q:00000012 [INF] Not valid - method isn't PUT or PATCH. (671cb4f2)
2025-01-14T15:51:13.9141690+07:00 0HN9KF1SV565Q:00000012 [INF] Don't generate 412 - Precondition Failed.  Continue. (08bc4a18)
2025-01-14T15:51:14.1267049+07:00 0HN9KF1SV565Q:00000012 [INF] Generating expiration headers. (97875003)
2025-01-14T15:51:14.1267571+07:00 0HN9KF1SV565Q:00000012 [INF] Expiration headers generated. Expires: Tue, 14 Jan 2025 08:51:14 GMT. Cache-Control: private,max-age=0,no-store,no-cache,must-revalidate. (9ccdf086)
2025-01-14T15:51:14.1267665+07:00 0HN9KF1SV565Q:00000012 [INF] Generating Validation headers. (20c08f55)
2025-01-14T15:51:14.1270987+07:00 0HN9KF1SV565Q:00000012 [INF] Validation headers generated. ETag: Strong, "441D9FF2F21C0B63B9B232CD6AB883BA". Last-Modified: Tue, 14 Jan 2025 08:51:14 GMT (6840224e)
2025-01-14T15:51:14.1271075+07:00 0HN9KF1SV565Q:00000012 [INF] Generating Vary header. (c1174e38)
2025-01-14T15:51:14.1271118+07:00 0HN9KF1SV565Q:00000012 [INF] Vary header generated: Accept, Accept-Language, Accept-Encoding. (e081213a)
2025-01-14T15:52:38.3417589+07:00 0HN9KF1SV565S:00000001 [INF] Checking for conditional GET/HEAD. (7e2efcb6)
2025-01-14T15:52:38.3418507+07:00 0HN9KF1SV565S:00000001 [INF] Not valid - no If-None-Match or If-Modified-Since headers. (00e43d04)
2025-01-14T15:52:38.3418699+07:00 0HN9KF1SV565S:00000001 [INF] Don't generate 304 - Not Modified.  Continue. (b6a7d473)
2025-01-14T15:52:38.3418848+07:00 0HN9KF1SV565S:00000001 [INF] Checking for conditional PUT/PATCH. (bf3cf9be)
2025-01-14T15:52:38.3418977+07:00 0HN9KF1SV565S:00000001 [INF] Not valid - method isn't PUT or PATCH. (671cb4f2)
2025-01-14T15:52:38.3419137+07:00 0HN9KF1SV565S:00000001 [INF] Don't generate 412 - Precondition Failed.  Continue. (08bc4a18)
2025-01-14T15:52:38.5887794+07:00 0HN9KF1SV565S:00000001 [INF] Generating expiration headers. (97875003)
2025-01-14T15:52:38.5888559+07:00 0HN9KF1SV565S:00000001 [INF] Expiration headers generated. Expires: Tue, 14 Jan 2025 08:52:38 GMT. Cache-Control: private,max-age=0,no-store,no-cache,must-revalidate. (bba3fe83)
2025-01-14T15:52:38.5888659+07:00 0HN9KF1SV565S:00000001 [INF] Generating Validation headers. (20c08f55)
2025-01-14T15:52:38.5892466+07:00 0HN9KF1SV565S:00000001 [INF] Validation headers generated. ETag: Strong, "00A49D2869785C2986B18ED8470C9412". Last-Modified: Tue, 14 Jan 2025 08:52:38 GMT (7e6e04e0)
2025-01-14T15:52:38.5892564+07:00 0HN9KF1SV565S:00000001 [INF] Generating Vary header. (c1174e38)
2025-01-14T15:52:38.5892614+07:00 0HN9KF1SV565S:00000001 [INF] Vary header generated: Accept, Accept-Language, Accept-Encoding. (e081213a)
2025-01-14T16:13:27.2131234+07:00 0HN9KF1SV565U:00000001 [INF] Checking for conditional GET/HEAD. (7e2efcb6)
2025-01-14T16:13:27.2131987+07:00 0HN9KF1SV565U:00000001 [INF] Not valid - no If-None-Match or If-Modified-Since headers. (00e43d04)
2025-01-14T16:13:27.2132121+07:00 0HN9KF1SV565U:00000001 [INF] Don't generate 304 - Not Modified.  Continue. (b6a7d473)
2025-01-14T16:13:27.2132203+07:00 0HN9KF1SV565U:00000001 [INF] Checking for conditional PUT/PATCH. (bf3cf9be)
2025-01-14T16:13:27.2132243+07:00 0HN9KF1SV565U:00000001 [INF] Not valid - method isn't PUT or PATCH. (671cb4f2)
2025-01-14T16:13:27.2132319+07:00 0HN9KF1SV565U:00000001 [INF] Don't generate 412 - Precondition Failed.  Continue. (08bc4a18)
2025-01-14T16:13:27.3606483+07:00 0HN9KF1SV565U:00000001 [INF] Generating expiration headers. (97875003)
2025-01-14T16:13:27.3607505+07:00 0HN9KF1SV565U:00000001 [INF] Expiration headers generated. Expires: Tue, 14 Jan 2025 09:13:27 GMT. Cache-Control: private,max-age=0,no-store,no-cache,must-revalidate. (46559f72)
2025-01-14T16:13:27.3607599+07:00 0HN9KF1SV565U:00000001 [INF] Not generating Validation headers as the response status code does not indicate success. (2130aaa7)
2025-01-14T16:13:27.3607656+07:00 0HN9KF1SV565U:00000001 [INF] Generating Vary header. (c1174e38)
2025-01-14T16:13:27.3607758+07:00 0HN9KF1SV565U:00000001 [INF] Vary header generated: Accept, Accept-Language, Accept-Encoding. (e081213a)
2025-01-14T16:13:27.3715920+07:00 0HN9KF1SV565U:00000002 [INF] Checking for conditional GET/HEAD. (7e2efcb6)
2025-01-14T16:13:27.3716411+07:00 0HN9KF1SV565U:00000002 [INF] Not valid - no If-None-Match or If-Modified-Since headers. (00e43d04)
2025-01-14T16:13:27.3716469+07:00 0HN9KF1SV565U:00000002 [INF] Don't generate 304 - Not Modified.  Continue. (b6a7d473)
2025-01-14T16:13:27.3716523+07:00 0HN9KF1SV565U:00000002 [INF] Checking for conditional PUT/PATCH. (bf3cf9be)
2025-01-14T16:13:27.3716593+07:00 0HN9KF1SV565U:00000002 [INF] Not valid - method isn't PUT or PATCH. (671cb4f2)
2025-01-14T16:13:27.3716631+07:00 0HN9KF1SV565U:00000002 [INF] Don't generate 412 - Precondition Failed.  Continue. (08bc4a18)
2025-01-14T16:13:27.4100746+07:00 0HN9KF1SV565U:00000002 [INF] Generating expiration headers. (97875003)
2025-01-14T16:13:27.4101260+07:00 0HN9KF1SV565U:00000002 [INF] Expiration headers generated. Expires: Tue, 14 Jan 2025 09:13:27 GMT. Cache-Control: private,max-age=0,no-store,no-cache,must-revalidate. (46559f72)
2025-01-14T16:13:27.4101377+07:00 0HN9KF1SV565U:00000002 [INF] Generating Validation headers. (20c08f55)
2025-01-14T16:13:27.4105222+07:00 0HN9KF1SV565U:00000002 [INF] Validation headers generated. ETag: Strong, "DE23DAD3AF86D8DCFF862439ECAB9E86". Last-Modified: Tue, 14 Jan 2025 09:13:27 GMT (7a271edd)
2025-01-14T16:13:27.4105291+07:00 0HN9KF1SV565U:00000002 [INF] Generating Vary header. (c1174e38)
2025-01-14T16:13:27.4105333+07:00 0HN9KF1SV565U:00000002 [INF] Vary header generated: Accept, Accept-Language, Accept-Encoding. (e081213a)
