2025-01-08T15:34:01.0034846+07:00  [DBG] Hosting starting (32b26330)
2025-01-08T15:34:01.2051173+07:00  [INF] Now listening on: "http://localhost:5000" (d826f4b8)
2025-01-08T15:34:01.2053443+07:00  [INF] Application started. Press Ctrl+C to shut down. (dcaefe54)
2025-01-08T15:34:01.2055753+07:00  [INF] Hosting environment: "Development" (bc5a1a4e)
2025-01-08T15:34:01.2056019+07:00  [INF] Content root path: "E:\chatbot" (cc26f24e)
2025-01-08T15:34:01.2056263+07:00  [DBG] Hosting started (e6def423)
2025-01-08T15:34:07.6425737+07:00 0HN9FNSRP2A48:00000001 [INF] Checking for conditional GET/HEAD. (7e2efcb6)
2025-01-08T15:34:07.6455124+07:00 0HN9FNSRP2A48:00000001 [INF] Not valid - no If-None-Match or If-Modified-Since headers. (00e43d04)
2025-01-08T15:34:07.6455634+07:00 0HN9FNSRP2A48:00000001 [INF] Don't generate 304 - Not Modified.  Continue. (b6a7d473)
2025-01-08T15:34:07.6465511+07:00 0HN9FNSRP2A48:00000001 [INF] Checking for conditional PUT/PATCH. (bf3cf9be)
2025-01-08T15:34:07.6465752+07:00 0HN9FNSRP2A48:00000001 [INF] Not valid - method isn't PUT or PATCH. (671cb4f2)
2025-01-08T15:34:07.6465908+07:00 0HN9FNSRP2A48:00000001 [INF] Don't generate 412 - Precondition Failed.  Continue. (08bc4a18)
2025-01-08T15:34:07.9650737+07:00 0HN9FNSRP2A48:00000001 [INF] Generating expiration headers. (97875003)
2025-01-08T15:34:07.9654580+07:00 0HN9FNSRP2A48:00000001 [INF] Expiration headers generated. Expires: Wed, 08 Jan 2025 08:34:07 GMT. Cache-Control: private,max-age=0,no-store,no-cache,must-revalidate. (a624caf3)
2025-01-08T15:34:07.9666482+07:00 0HN9FNSRP2A48:00000001 [INF] Not generating Validation headers as the response status code does not indicate success. (2130aaa7)
2025-01-08T15:34:07.9668188+07:00 0HN9FNSRP2A48:00000001 [INF] Generating Vary header. (c1174e38)
2025-01-08T15:34:07.9668902+07:00 0HN9FNSRP2A48:00000001 [INF] Vary header generated: Accept, Accept-Language, Accept-Encoding. (e081213a)
2025-01-08T15:34:07.9773286+07:00 0HN9FNSRP2A48:00000002 [INF] Checking for conditional GET/HEAD. (7e2efcb6)
2025-01-08T15:34:07.9773949+07:00 0HN9FNSRP2A48:00000002 [INF] Not valid - no If-None-Match or If-Modified-Since headers. (00e43d04)
2025-01-08T15:34:07.9774057+07:00 0HN9FNSRP2A48:00000002 [INF] Don't generate 304 - Not Modified.  Continue. (b6a7d473)
2025-01-08T15:34:07.9774271+07:00 0HN9FNSRP2A48:00000002 [INF] Checking for conditional PUT/PATCH. (bf3cf9be)
2025-01-08T15:34:07.9774376+07:00 0HN9FNSRP2A48:00000002 [INF] Not valid - method isn't PUT or PATCH. (671cb4f2)
2025-01-08T15:34:07.9774464+07:00 0HN9FNSRP2A48:00000002 [INF] Don't generate 412 - Precondition Failed.  Continue. (08bc4a18)
2025-01-08T15:34:22.6415255+07:00 0HN9FNSRP2A48:00000002 [INF] Generating expiration headers. (97875003)
2025-01-08T15:34:22.6416364+07:00 0HN9FNSRP2A48:00000002 [INF] Expiration headers generated. Expires: Wed, 08 Jan 2025 08:34:22 GMT. Cache-Control: private,max-age=0,no-store,no-cache,must-revalidate. (0bcefee5)
2025-01-08T15:34:22.6416585+07:00 0HN9FNSRP2A48:00000002 [INF] Generating Validation headers. (20c08f55)
2025-01-08T15:34:22.6675197+07:00 0HN9FNSRP2A48:00000002 [INF] Validation headers generated. ETag: Strong, "D66E85E6F8D4CF8F56DB0FAF49A3A63E". Last-Modified: Wed, 08 Jan 2025 08:34:22 GMT (98cd02d9)
2025-01-08T15:34:22.6675594+07:00 0HN9FNSRP2A48:00000002 [INF] Generating Vary header. (c1174e38)
2025-01-08T15:34:22.6675853+07:00 0HN9FNSRP2A48:00000002 [INF] Vary header generated: Accept, Accept-Language, Accept-Encoding. (e081213a)
2025-01-08T15:34:22.6878227+07:00 0HN9FNSRP2A48:00000003 [INF] Checking for conditional GET/HEAD. (7e2efcb6)
2025-01-08T15:34:22.6879000+07:00 0HN9FNSRP2A48:00000003 [INF] Not valid - no If-None-Match or If-Modified-Since headers. (00e43d04)
2025-01-08T15:34:22.6879209+07:00 0HN9FNSRP2A48:00000003 [INF] Don't generate 304 - Not Modified.  Continue. (b6a7d473)
2025-01-08T15:34:22.6879492+07:00 0HN9FNSRP2A48:00000003 [INF] Checking for conditional PUT/PATCH. (bf3cf9be)
2025-01-08T15:34:22.6879682+07:00 0HN9FNSRP2A48:00000003 [INF] Not valid - method isn't PUT or PATCH. (671cb4f2)
2025-01-08T15:34:22.6879785+07:00 0HN9FNSRP2A48:00000003 [INF] Don't generate 412 - Precondition Failed.  Continue. (08bc4a18)
2025-01-08T15:34:22.7690572+07:00 0HN9FNSRP2A48:00000003 [INF] Generating expiration headers. (97875003)
2025-01-08T15:34:22.7691737+07:00 0HN9FNSRP2A48:00000003 [INF] Expiration headers generated. Expires: Wed, 08 Jan 2025 08:34:22 GMT. Cache-Control: private,max-age=0,no-store,no-cache,must-revalidate. (0bcefee5)
2025-01-08T15:34:22.7691969+07:00 0HN9FNSRP2A48:00000003 [INF] Not generating Validation headers as the response status code does not indicate success. (2130aaa7)
2025-01-08T15:34:22.7692193+07:00 0HN9FNSRP2A48:00000003 [INF] Generating Vary header. (c1174e38)
2025-01-08T15:34:22.7692407+07:00 0HN9FNSRP2A48:00000003 [INF] Vary header generated: Accept, Accept-Language, Accept-Encoding. (e081213a)
2025-01-08T15:34:22.7777446+07:00 0HN9FNSRP2A48:00000004 [INF] Checking for conditional GET/HEAD. (7e2efcb6)
2025-01-08T15:34:22.7778187+07:00 0HN9FNSRP2A48:00000004 [INF] Not valid - no If-None-Match or If-Modified-Since headers. (00e43d04)
2025-01-08T15:34:22.7778294+07:00 0HN9FNSRP2A48:00000004 [INF] Don't generate 304 - Not Modified.  Continue. (b6a7d473)
2025-01-08T15:34:22.7778375+07:00 0HN9FNSRP2A48:00000004 [INF] Checking for conditional PUT/PATCH. (bf3cf9be)
2025-01-08T15:34:22.7778454+07:00 0HN9FNSRP2A48:00000004 [INF] Not valid - method isn't PUT or PATCH. (671cb4f2)
2025-01-08T15:34:22.7778522+07:00 0HN9FNSRP2A48:00000004 [INF] Don't generate 412 - Precondition Failed.  Continue. (08bc4a18)
2025-01-08T15:34:22.8131577+07:00 0HN9FNSRP2A48:00000004 [INF] Generating expiration headers. (97875003)
2025-01-08T15:34:22.8132179+07:00 0HN9FNSRP2A48:00000004 [INF] Expiration headers generated. Expires: Wed, 08 Jan 2025 08:34:22 GMT. Cache-Control: private,max-age=0,no-store,no-cache,must-revalidate. (0bcefee5)
2025-01-08T15:34:22.8132361+07:00 0HN9FNSRP2A48:00000004 [INF] Generating Validation headers. (20c08f55)
2025-01-08T15:34:22.8137260+07:00 0HN9FNSRP2A48:00000004 [INF] Validation headers generated. ETag: Strong, "F980ACACC43639A92377AA1E67F0F45C". Last-Modified: Wed, 08 Jan 2025 08:34:22 GMT (3e2c2db7)
2025-01-08T15:34:22.8137570+07:00 0HN9FNSRP2A48:00000004 [INF] Generating Vary header. (c1174e38)
2025-01-08T15:34:22.8137758+07:00 0HN9FNSRP2A48:00000004 [INF] Vary header generated: Accept, Accept-Language, Accept-Encoding. (e081213a)
2025-01-08T15:35:01.6742172+07:00 0HN9FNSRP2A49:00000010 [INF] Checking for conditional GET/HEAD. (7e2efcb6)
2025-01-08T15:35:01.6745372+07:00 0HN9FNSRP2A49:00000010 [INF] Not valid - no If-None-Match or If-Modified-Since headers. (00e43d04)
2025-01-08T15:35:01.6745586+07:00 0HN9FNSRP2A49:00000010 [INF] Don't generate 304 - Not Modified.  Continue. (b6a7d473)
2025-01-08T15:35:01.6746194+07:00 0HN9FNSRP2A49:00000010 [INF] Checking for conditional PUT/PATCH. (bf3cf9be)
2025-01-08T15:35:01.6746349+07:00 0HN9FNSRP2A49:00000010 [INF] Not valid - method isn't PUT or PATCH. (671cb4f2)
2025-01-08T15:35:01.6746652+07:00 0HN9FNSRP2A49:00000010 [INF] Don't generate 412 - Precondition Failed.  Continue. (08bc4a18)
2025-01-08T15:35:02.4781699+07:00 0HN9FNSRP2A49:00000010 [INF] Generating expiration headers. (97875003)
2025-01-08T15:35:02.4782826+07:00 0HN9FNSRP2A49:00000010 [INF] Expiration headers generated. Expires: Wed, 08 Jan 2025 08:35:02 GMT. Cache-Control: private,max-age=0,no-store,no-cache,must-revalidate. (1bc067f2)
2025-01-08T15:35:02.4782985+07:00 0HN9FNSRP2A49:00000010 [INF] Generating Validation headers. (20c08f55)
2025-01-08T15:35:02.4786665+07:00 0HN9FNSRP2A49:00000010 [INF] Validation headers generated. ETag: Strong, "EE5B58AD416F18AB973AA8445E1161EA". Last-Modified: Wed, 08 Jan 2025 08:35:02 GMT (4e4ee77e)
2025-01-08T15:35:02.4786818+07:00 0HN9FNSRP2A49:00000010 [INF] Generating Vary header. (c1174e38)
2025-01-08T15:35:02.4786882+07:00 0HN9FNSRP2A49:00000010 [INF] Vary header generated: Accept, Accept-Language, Accept-Encoding. (e081213a)
2025-01-08T15:35:15.1051995+07:00 0HN9FNSRP2A49:00000012 [INF] Checking for conditional GET/HEAD. (7e2efcb6)
2025-01-08T15:35:15.1053965+07:00 0HN9FNSRP2A49:00000012 [INF] Not valid - method isn't GET or HEAD. (0be1d475)
2025-01-08T15:35:15.1054107+07:00 0HN9FNSRP2A49:00000012 [INF] Don't generate 304 - Not Modified.  Continue. (b6a7d473)
2025-01-08T15:35:15.1054308+07:00 0HN9FNSRP2A49:00000012 [INF] Checking for conditional PUT/PATCH. (bf3cf9be)
2025-01-08T15:35:15.1054399+07:00 0HN9FNSRP2A49:00000012 [INF] Not valid - method isn't PUT or PATCH. (671cb4f2)
2025-01-08T15:35:15.1054479+07:00 0HN9FNSRP2A49:00000012 [INF] Don't generate 412 - Precondition Failed.  Continue. (08bc4a18)
2025-01-08T15:35:15.2475325+07:00 0HN9FNSRP2A49:00000012 [INF] Generating expiration headers. (97875003)
2025-01-08T15:35:15.2477057+07:00 0HN9FNSRP2A49:00000012 [INF] Expiration headers generated. Expires: Wed, 08 Jan 2025 08:35:15 GMT. Cache-Control: private,max-age=0,no-store,no-cache,must-revalidate. (24ce0df2)
2025-01-08T15:35:15.2477251+07:00 0HN9FNSRP2A49:00000012 [INF] Not generating Validation headers as the response status code does not indicate success. (2130aaa7)
2025-01-08T15:35:15.2477323+07:00 0HN9FNSRP2A49:00000012 [INF] Generating Vary header. (c1174e38)
2025-01-08T15:35:15.2477411+07:00 0HN9FNSRP2A49:00000012 [INF] Vary header generated: Accept, Accept-Language, Accept-Encoding. (e081213a)
2025-01-08T15:35:15.2544289+07:00 0HN9FNSRP2A49:00000013 [INF] Checking for conditional GET/HEAD. (7e2efcb6)
2025-01-08T15:35:15.2544779+07:00 0HN9FNSRP2A49:00000013 [INF] Not valid - no If-None-Match or If-Modified-Since headers. (00e43d04)
2025-01-08T15:35:15.2544887+07:00 0HN9FNSRP2A49:00000013 [INF] Don't generate 304 - Not Modified.  Continue. (b6a7d473)
2025-01-08T15:35:15.2544972+07:00 0HN9FNSRP2A49:00000013 [INF] Checking for conditional PUT/PATCH. (bf3cf9be)
2025-01-08T15:35:15.2545053+07:00 0HN9FNSRP2A49:00000013 [INF] Not valid - method isn't PUT or PATCH. (671cb4f2)
2025-01-08T15:35:15.2545199+07:00 0HN9FNSRP2A49:00000013 [INF] Don't generate 412 - Precondition Failed.  Continue. (08bc4a18)
2025-01-08T15:35:15.2909530+07:00 0HN9FNSRP2A49:00000013 [INF] Generating expiration headers. (97875003)
2025-01-08T15:35:15.2910233+07:00 0HN9FNSRP2A49:00000013 [INF] Expiration headers generated. Expires: Wed, 08 Jan 2025 08:35:15 GMT. Cache-Control: private,max-age=0,no-store,no-cache,must-revalidate. (24ce0df2)
2025-01-08T15:35:15.2910330+07:00 0HN9FNSRP2A49:00000013 [INF] Not generating Validation headers as the response status code does not indicate success. (2130aaa7)
2025-01-08T15:35:15.2910381+07:00 0HN9FNSRP2A49:00000013 [INF] Generating Vary header. (c1174e38)
2025-01-08T15:35:15.2910446+07:00 0HN9FNSRP2A49:00000013 [INF] Vary header generated: Accept, Accept-Language, Accept-Encoding. (e081213a)
2025-01-08T15:35:15.2972457+07:00 0HN9FNSRP2A49:00000014 [INF] Checking for conditional GET/HEAD. (7e2efcb6)
2025-01-08T15:35:15.2972831+07:00 0HN9FNSRP2A49:00000014 [INF] Not valid - no If-None-Match or If-Modified-Since headers. (00e43d04)
2025-01-08T15:35:15.2972948+07:00 0HN9FNSRP2A49:00000014 [INF] Don't generate 304 - Not Modified.  Continue. (b6a7d473)
2025-01-08T15:35:15.2973001+07:00 0HN9FNSRP2A49:00000014 [INF] Checking for conditional PUT/PATCH. (bf3cf9be)
2025-01-08T15:35:15.2973049+07:00 0HN9FNSRP2A49:00000014 [INF] Not valid - method isn't PUT or PATCH. (671cb4f2)
2025-01-08T15:35:15.2973089+07:00 0HN9FNSRP2A49:00000014 [INF] Don't generate 412 - Precondition Failed.  Continue. (08bc4a18)
2025-01-08T15:35:15.3124600+07:00 0HN9FNSRP2A49:00000014 [INF] Generating expiration headers. (97875003)
2025-01-08T15:35:15.3124993+07:00 0HN9FNSRP2A49:00000014 [INF] Expiration headers generated. Expires: Wed, 08 Jan 2025 08:35:15 GMT. Cache-Control: private,max-age=0,no-store,no-cache,must-revalidate. (24ce0df2)
2025-01-08T15:35:15.3125110+07:00 0HN9FNSRP2A49:00000014 [INF] Generating Validation headers. (20c08f55)
2025-01-08T15:35:15.3166913+07:00 0HN9FNSRP2A49:00000014 [INF] Validation headers generated. ETag: Strong, "115D6A1FC91DF57873386F9449553FB0". Last-Modified: Wed, 08 Jan 2025 08:35:15 GMT (904e7b14)
2025-01-08T15:35:15.3167167+07:00 0HN9FNSRP2A49:00000014 [INF] Generating Vary header. (c1174e38)
2025-01-08T15:35:15.3167274+07:00 0HN9FNSRP2A49:00000014 [INF] Vary header generated: Accept, Accept-Language, Accept-Encoding. (e081213a)
2025-01-08T15:35:17.2428818+07:00 0HN9FNSRP2A49:00000015 [INF] Checking for conditional GET/HEAD. (7e2efcb6)
2025-01-08T15:35:17.2429208+07:00 0HN9FNSRP2A49:00000015 [INF] Not valid - no If-None-Match or If-Modified-Since headers. (00e43d04)
2025-01-08T15:35:17.2429247+07:00 0HN9FNSRP2A49:00000015 [INF] Don't generate 304 - Not Modified.  Continue. (b6a7d473)
2025-01-08T15:35:17.2429286+07:00 0HN9FNSRP2A49:00000015 [INF] Checking for conditional PUT/PATCH. (bf3cf9be)
2025-01-08T15:35:17.2429314+07:00 0HN9FNSRP2A49:00000015 [INF] Not valid - method isn't PUT or PATCH. (671cb4f2)
2025-01-08T15:35:17.2429338+07:00 0HN9FNSRP2A49:00000015 [INF] Don't generate 412 - Precondition Failed.  Continue. (08bc4a18)
2025-01-08T15:35:18.6877273+07:00 0HN9FNSRP2A49:00000015 [INF] Generating expiration headers. (97875003)
2025-01-08T15:35:18.6877813+07:00 0HN9FNSRP2A49:00000015 [INF] Expiration headers generated. Expires: Wed, 08 Jan 2025 08:35:18 GMT. Cache-Control: private,max-age=0,no-store,no-cache,must-revalidate. (c113f8aa)
2025-01-08T15:35:18.6877893+07:00 0HN9FNSRP2A49:00000015 [INF] Generating Validation headers. (20c08f55)
2025-01-08T15:35:18.6881977+07:00 0HN9FNSRP2A49:00000015 [INF] Validation headers generated. ETag: Strong, "9F00C27A28A96B850ADFE842B5B5F75F". Last-Modified: Wed, 08 Jan 2025 08:35:18 GMT (2129b4ae)
2025-01-08T15:35:18.6882103+07:00 0HN9FNSRP2A49:00000015 [INF] Generating Vary header. (c1174e38)
2025-01-08T15:35:18.6882156+07:00 0HN9FNSRP2A49:00000015 [INF] Vary header generated: Accept, Accept-Language, Accept-Encoding. (e081213a)
2025-01-08T15:37:12.3259946+07:00 0HN9FNSRP2A4B:00000002 [INF] Checking for conditional GET/HEAD. (7e2efcb6)
2025-01-08T15:37:12.3260625+07:00 0HN9FNSRP2A4B:00000002 [INF] Not valid - no If-None-Match or If-Modified-Since headers. (00e43d04)
2025-01-08T15:37:12.3260693+07:00 0HN9FNSRP2A4B:00000002 [INF] Don't generate 304 - Not Modified.  Continue. (b6a7d473)
2025-01-08T15:37:12.3260764+07:00 0HN9FNSRP2A4B:00000002 [INF] Checking for conditional PUT/PATCH. (bf3cf9be)
2025-01-08T15:37:12.3260833+07:00 0HN9FNSRP2A4B:00000002 [INF] Not valid - method isn't PUT or PATCH. (671cb4f2)
2025-01-08T15:37:12.3260880+07:00 0HN9FNSRP2A4B:00000002 [INF] Don't generate 412 - Precondition Failed.  Continue. (08bc4a18)
2025-01-08T15:37:12.6416260+07:00 0HN9FNSRP2A4B:00000002 [INF] Generating expiration headers. (97875003)
2025-01-08T15:37:12.6417340+07:00 0HN9FNSRP2A4B:00000002 [INF] Expiration headers generated. Expires: Wed, 08 Jan 2025 08:37:12 GMT. Cache-Control: private,max-age=0,no-store,no-cache,must-revalidate. (df878174)
2025-01-08T15:37:12.6417451+07:00 0HN9FNSRP2A4B:00000002 [INF] Generating Validation headers. (20c08f55)
2025-01-08T15:37:12.6423772+07:00 0HN9FNSRP2A4B:00000002 [INF] Validation headers generated. ETag: Strong, "47204D96A211C717B128E413C32D60CA". Last-Modified: Wed, 08 Jan 2025 08:37:12 GMT (9f9c2e28)
2025-01-08T15:37:12.6423897+07:00 0HN9FNSRP2A4B:00000002 [INF] Generating Vary header. (c1174e38)
2025-01-08T15:37:12.6423967+07:00 0HN9FNSRP2A4B:00000002 [INF] Vary header generated: Accept, Accept-Language, Accept-Encoding. (e081213a)
2025-01-08T15:37:50.8148422+07:00 0HN9FNSRP2A4B:00000003 [INF] Checking for conditional GET/HEAD. (7e2efcb6)
2025-01-08T15:37:50.8148915+07:00 0HN9FNSRP2A4B:00000003 [INF] Not valid - no If-None-Match or If-Modified-Since headers. (00e43d04)
2025-01-08T15:37:50.8148962+07:00 0HN9FNSRP2A4B:00000003 [INF] Don't generate 304 - Not Modified.  Continue. (b6a7d473)
2025-01-08T15:37:50.8149009+07:00 0HN9FNSRP2A4B:00000003 [INF] Checking for conditional PUT/PATCH. (bf3cf9be)
2025-01-08T15:37:50.8149035+07:00 0HN9FNSRP2A4B:00000003 [INF] Not valid - method isn't PUT or PATCH. (671cb4f2)
2025-01-08T15:37:50.8149084+07:00 0HN9FNSRP2A4B:00000003 [INF] Don't generate 412 - Precondition Failed.  Continue. (08bc4a18)
2025-01-08T15:37:51.0832238+07:00 0HN9FNSRP2A4B:00000003 [INF] Generating expiration headers. (97875003)
2025-01-08T15:37:51.0832878+07:00 0HN9FNSRP2A4B:00000003 [INF] Expiration headers generated. Expires: Wed, 08 Jan 2025 08:37:51 GMT. Cache-Control: private,max-age=0,no-store,no-cache,must-revalidate. (afd6bc38)
2025-01-08T15:37:51.0832980+07:00 0HN9FNSRP2A4B:00000003 [INF] Generating Validation headers. (20c08f55)
2025-01-08T15:37:51.0884923+07:00 0HN9FNSRP2A4B:00000003 [INF] Validation headers generated. ETag: Strong, "EF6A01939C3A305263C00CAC788D05EC". Last-Modified: Wed, 08 Jan 2025 08:37:51 GMT (bad8d63c)
2025-01-08T15:37:51.0885138+07:00 0HN9FNSRP2A4B:00000003 [INF] Generating Vary header. (c1174e38)
2025-01-08T15:37:51.0885216+07:00 0HN9FNSRP2A4B:00000003 [INF] Vary header generated: Accept, Accept-Language, Accept-Encoding. (e081213a)
2025-01-08T15:39:25.2558147+07:00 0HN9FNSRP2A4B:00000004 [INF] Checking for conditional GET/HEAD. (7e2efcb6)
2025-01-08T15:39:25.2558636+07:00 0HN9FNSRP2A4B:00000004 [INF] Not valid - no If-None-Match or If-Modified-Since headers. (00e43d04)
2025-01-08T15:39:25.2558699+07:00 0HN9FNSRP2A4B:00000004 [INF] Don't generate 304 - Not Modified.  Continue. (b6a7d473)
2025-01-08T15:39:25.2558745+07:00 0HN9FNSRP2A4B:00000004 [INF] Checking for conditional PUT/PATCH. (bf3cf9be)
2025-01-08T15:39:25.2558811+07:00 0HN9FNSRP2A4B:00000004 [INF] Not valid - method isn't PUT or PATCH. (671cb4f2)
2025-01-08T15:39:25.2558841+07:00 0HN9FNSRP2A4B:00000004 [INF] Don't generate 412 - Precondition Failed.  Continue. (08bc4a18)
2025-01-08T15:39:25.4719107+07:00 0HN9FNSRP2A4B:00000004 [INF] Generating expiration headers. (97875003)
2025-01-08T15:39:25.4719656+07:00 0HN9FNSRP2A4B:00000004 [INF] Expiration headers generated. Expires: Wed, 08 Jan 2025 08:39:25 GMT. Cache-Control: private,max-age=0,no-store,no-cache,must-revalidate. (109a0fc9)
2025-01-08T15:39:25.4719753+07:00 0HN9FNSRP2A4B:00000004 [INF] Generating Validation headers. (20c08f55)
2025-01-08T15:39:25.4723849+07:00 0HN9FNSRP2A4B:00000004 [INF] Validation headers generated. ETag: Strong, "EB7F3B41FB1610DC964DAAB089B0D755". Last-Modified: Wed, 08 Jan 2025 08:39:25 GMT (8386350c)
2025-01-08T15:39:25.4723971+07:00 0HN9FNSRP2A4B:00000004 [INF] Generating Vary header. (c1174e38)
2025-01-08T15:39:25.4724057+07:00 0HN9FNSRP2A4B:00000004 [INF] Vary header generated: Accept, Accept-Language, Accept-Encoding. (e081213a)
2025-01-08T15:39:44.9529109+07:00 0HN9FNSRP2A4B:00000005 [INF] Checking for conditional GET/HEAD. (7e2efcb6)
2025-01-08T15:39:44.9529617+07:00 0HN9FNSRP2A4B:00000005 [INF] Not valid - no If-None-Match or If-Modified-Since headers. (00e43d04)
2025-01-08T15:39:44.9529672+07:00 0HN9FNSRP2A4B:00000005 [INF] Don't generate 304 - Not Modified.  Continue. (b6a7d473)
2025-01-08T15:39:44.9529724+07:00 0HN9FNSRP2A4B:00000005 [INF] Checking for conditional PUT/PATCH. (bf3cf9be)
2025-01-08T15:39:44.9529794+07:00 0HN9FNSRP2A4B:00000005 [INF] Not valid - method isn't PUT or PATCH. (671cb4f2)
2025-01-08T15:39:44.9529828+07:00 0HN9FNSRP2A4B:00000005 [INF] Don't generate 412 - Precondition Failed.  Continue. (08bc4a18)
2025-01-08T15:39:45.1485475+07:00 0HN9FNSRP2A4B:00000005 [INF] Generating expiration headers. (97875003)
2025-01-08T15:39:45.1485880+07:00 0HN9FNSRP2A4B:00000005 [INF] Expiration headers generated. Expires: Wed, 08 Jan 2025 08:39:45 GMT. Cache-Control: private,max-age=0,no-store,no-cache,must-revalidate. (710c2c53)
2025-01-08T15:39:45.1485949+07:00 0HN9FNSRP2A4B:00000005 [INF] Generating Validation headers. (20c08f55)
2025-01-08T15:39:45.1489638+07:00 0HN9FNSRP2A4B:00000005 [INF] Validation headers generated. ETag: Strong, "6A7D9BF2E355B24CC77C5AAF3FF89733". Last-Modified: Wed, 08 Jan 2025 08:39:45 GMT (d3e1ae8d)
2025-01-08T15:39:45.1489776+07:00 0HN9FNSRP2A4B:00000005 [INF] Generating Vary header. (c1174e38)
2025-01-08T15:39:45.1489851+07:00 0HN9FNSRP2A4B:00000005 [INF] Vary header generated: Accept, Accept-Language, Accept-Encoding. (e081213a)
2025-01-08T15:41:37.4431382+07:00 0HN9FNSRP2A4B:00000006 [INF] Checking for conditional GET/HEAD. (7e2efcb6)
2025-01-08T15:41:37.4432025+07:00 0HN9FNSRP2A4B:00000006 [INF] Not valid - no If-None-Match or If-Modified-Since headers. (00e43d04)
2025-01-08T15:41:37.4432089+07:00 0HN9FNSRP2A4B:00000006 [INF] Don't generate 304 - Not Modified.  Continue. (b6a7d473)
2025-01-08T15:41:37.4432140+07:00 0HN9FNSRP2A4B:00000006 [INF] Checking for conditional PUT/PATCH. (bf3cf9be)
2025-01-08T15:41:37.4432228+07:00 0HN9FNSRP2A4B:00000006 [INF] Not valid - method isn't PUT or PATCH. (671cb4f2)
2025-01-08T15:41:37.4432268+07:00 0HN9FNSRP2A4B:00000006 [INF] Don't generate 412 - Precondition Failed.  Continue. (08bc4a18)
2025-01-08T15:41:37.6844284+07:00 0HN9FNSRP2A4B:00000006 [INF] Generating expiration headers. (97875003)
2025-01-08T15:41:37.6844820+07:00 0HN9FNSRP2A4B:00000006 [INF] Expiration headers generated. Expires: Wed, 08 Jan 2025 08:41:37 GMT. Cache-Control: private,max-age=0,no-store,no-cache,must-revalidate. (bc49e220)
2025-01-08T15:41:37.6844891+07:00 0HN9FNSRP2A4B:00000006 [INF] Generating Validation headers. (20c08f55)
2025-01-08T15:41:37.6848507+07:00 0HN9FNSRP2A4B:00000006 [INF] Validation headers generated. ETag: Strong, "9D04EAA30F478AD319451A0E6A59D727". Last-Modified: Wed, 08 Jan 2025 08:41:37 GMT (44c14911)
2025-01-08T15:41:37.6848646+07:00 0HN9FNSRP2A4B:00000006 [INF] Generating Vary header. (c1174e38)
2025-01-08T15:41:37.6848727+07:00 0HN9FNSRP2A4B:00000006 [INF] Vary header generated: Accept, Accept-Language, Accept-Encoding. (e081213a)
2025-01-08T15:41:58.4837769+07:00 0HN9FNSRP2A4B:00000007 [INF] Checking for conditional GET/HEAD. (7e2efcb6)
2025-01-08T15:41:58.4838109+07:00 0HN9FNSRP2A4B:00000007 [INF] Not valid - no If-None-Match or If-Modified-Since headers. (00e43d04)
2025-01-08T15:41:58.4838148+07:00 0HN9FNSRP2A4B:00000007 [INF] Don't generate 304 - Not Modified.  Continue. (b6a7d473)
2025-01-08T15:41:58.4838190+07:00 0HN9FNSRP2A4B:00000007 [INF] Checking for conditional PUT/PATCH. (bf3cf9be)
2025-01-08T15:41:58.4838313+07:00 0HN9FNSRP2A4B:00000007 [INF] Not valid - method isn't PUT or PATCH. (671cb4f2)
2025-01-08T15:41:58.4838337+07:00 0HN9FNSRP2A4B:00000007 [INF] Don't generate 412 - Precondition Failed.  Continue. (08bc4a18)
2025-01-08T15:41:58.6714411+07:00 0HN9FNSRP2A4B:00000007 [INF] Generating expiration headers. (97875003)
2025-01-08T15:41:58.6714835+07:00 0HN9FNSRP2A4B:00000007 [INF] Expiration headers generated. Expires: Wed, 08 Jan 2025 08:41:58 GMT. Cache-Control: private,max-age=0,no-store,no-cache,must-revalidate. (3892c296)
2025-01-08T15:41:58.6714897+07:00 0HN9FNSRP2A4B:00000007 [INF] Generating Validation headers. (20c08f55)
2025-01-08T15:41:58.6717793+07:00 0HN9FNSRP2A4B:00000007 [INF] Validation headers generated. ETag: Strong, "E30845A694593973BF4C7DD6C0D6BA9C". Last-Modified: Wed, 08 Jan 2025 08:41:58 GMT (ce5ebe07)
2025-01-08T15:41:58.6717890+07:00 0HN9FNSRP2A4B:00000007 [INF] Generating Vary header. (c1174e38)
2025-01-08T15:41:58.6717959+07:00 0HN9FNSRP2A4B:00000007 [INF] Vary header generated: Accept, Accept-Language, Accept-Encoding. (e081213a)
2025-01-08T15:42:11.4699360+07:00 0HN9FNSRP2A4B:00000008 [INF] Checking for conditional GET/HEAD. (7e2efcb6)
2025-01-08T15:42:11.4700074+07:00 0HN9FNSRP2A4B:00000008 [INF] Not valid - no If-None-Match or If-Modified-Since headers. (00e43d04)
2025-01-08T15:42:11.4700127+07:00 0HN9FNSRP2A4B:00000008 [INF] Don't generate 304 - Not Modified.  Continue. (b6a7d473)
2025-01-08T15:42:11.4700170+07:00 0HN9FNSRP2A4B:00000008 [INF] Checking for conditional PUT/PATCH. (bf3cf9be)
2025-01-08T15:42:11.4700209+07:00 0HN9FNSRP2A4B:00000008 [INF] Not valid - method isn't PUT or PATCH. (671cb4f2)
2025-01-08T15:42:11.4700230+07:00 0HN9FNSRP2A4B:00000008 [INF] Don't generate 412 - Precondition Failed.  Continue. (08bc4a18)
2025-01-08T15:42:11.6835708+07:00 0HN9FNSRP2A4B:00000008 [INF] Generating expiration headers. (97875003)
2025-01-08T15:42:11.6836477+07:00 0HN9FNSRP2A4B:00000008 [INF] Expiration headers generated. Expires: Wed, 08 Jan 2025 08:42:11 GMT. Cache-Control: private,max-age=0,no-store,no-cache,must-revalidate. (02074eca)
2025-01-08T15:42:11.6836569+07:00 0HN9FNSRP2A4B:00000008 [INF] Generating Validation headers. (20c08f55)
2025-01-08T15:42:11.6841514+07:00 0HN9FNSRP2A4B:00000008 [INF] Validation headers generated. ETag: Strong, "A1F9909910465B81B6EC14615407F9C0". Last-Modified: Wed, 08 Jan 2025 08:42:11 GMT (e32c40e8)
2025-01-08T15:42:11.6841683+07:00 0HN9FNSRP2A4B:00000008 [INF] Generating Vary header. (c1174e38)
2025-01-08T15:42:11.6841769+07:00 0HN9FNSRP2A4B:00000008 [INF] Vary header generated: Accept, Accept-Language, Accept-Encoding. (e081213a)
2025-01-08T15:42:51.6937571+07:00 0HN9FNSRP2A4B:00000009 [INF] Checking for conditional GET/HEAD. (7e2efcb6)
2025-01-08T15:42:51.6938033+07:00 0HN9FNSRP2A4B:00000009 [INF] Not valid - no If-None-Match or If-Modified-Since headers. (00e43d04)
2025-01-08T15:42:51.6938077+07:00 0HN9FNSRP2A4B:00000009 [INF] Don't generate 304 - Not Modified.  Continue. (b6a7d473)
2025-01-08T15:42:51.6938125+07:00 0HN9FNSRP2A4B:00000009 [INF] Checking for conditional PUT/PATCH. (bf3cf9be)
2025-01-08T15:42:51.6938150+07:00 0HN9FNSRP2A4B:00000009 [INF] Not valid - method isn't PUT or PATCH. (671cb4f2)
2025-01-08T15:42:51.6938175+07:00 0HN9FNSRP2A4B:00000009 [INF] Don't generate 412 - Precondition Failed.  Continue. (08bc4a18)
2025-01-08T15:42:51.8897718+07:00 0HN9FNSRP2A4B:00000009 [INF] Generating expiration headers. (97875003)
2025-01-08T15:42:51.8898119+07:00 0HN9FNSRP2A4B:00000009 [INF] Expiration headers generated. Expires: Wed, 08 Jan 2025 08:42:51 GMT. Cache-Control: private,max-age=0,no-store,no-cache,must-revalidate. (896b44e3)
2025-01-08T15:42:51.8898192+07:00 0HN9FNSRP2A4B:00000009 [INF] Generating Validation headers. (20c08f55)
2025-01-08T15:42:51.8901007+07:00 0HN9FNSRP2A4B:00000009 [INF] Validation headers generated. ETag: Strong, "A576622E5DB21E21D6F9ED6240863D47". Last-Modified: Wed, 08 Jan 2025 08:42:51 GMT (25199292)
2025-01-08T15:42:51.8901090+07:00 0HN9FNSRP2A4B:00000009 [INF] Generating Vary header. (c1174e38)
2025-01-08T15:42:51.8901133+07:00 0HN9FNSRP2A4B:00000009 [INF] Vary header generated: Accept, Accept-Language, Accept-Encoding. (e081213a)
2025-01-08T15:42:55.5469304+07:00 0HN9FNSRP2A4B:0000000A [INF] Checking for conditional GET/HEAD. (7e2efcb6)
2025-01-08T15:42:55.5469680+07:00 0HN9FNSRP2A4B:0000000A [INF] Not valid - no If-None-Match or If-Modified-Since headers. (00e43d04)
2025-01-08T15:42:55.5469713+07:00 0HN9FNSRP2A4B:0000000A [INF] Don't generate 304 - Not Modified.  Continue. (b6a7d473)
2025-01-08T15:42:55.5469768+07:00 0HN9FNSRP2A4B:0000000A [INF] Checking for conditional PUT/PATCH. (bf3cf9be)
2025-01-08T15:42:55.5469792+07:00 0HN9FNSRP2A4B:0000000A [INF] Not valid - method isn't PUT or PATCH. (671cb4f2)
2025-01-08T15:42:55.5469815+07:00 0HN9FNSRP2A4B:0000000A [INF] Don't generate 412 - Precondition Failed.  Continue. (08bc4a18)
2025-01-08T15:42:55.6018412+07:00 0HN9FNSRP2A4B:0000000A [INF] Generating expiration headers. (97875003)
2025-01-08T15:42:55.6018971+07:00 0HN9FNSRP2A4B:0000000A [INF] Expiration headers generated. Expires: Wed, 08 Jan 2025 08:42:55 GMT. Cache-Control: private,max-age=0,no-store,no-cache,must-revalidate. (3434a2ed)
2025-01-08T15:42:55.6019046+07:00 0HN9FNSRP2A4B:0000000A [INF] Generating Validation headers. (20c08f55)
2025-01-08T15:42:55.6024796+07:00 0HN9FNSRP2A4B:0000000A [INF] Validation headers generated. ETag: Strong, "743B9B3E1CC8C0344119C229DB80B1D5". Last-Modified: Wed, 08 Jan 2025 08:42:55 GMT (af41eb29)
2025-01-08T15:42:55.6025005+07:00 0HN9FNSRP2A4B:0000000A [INF] Generating Vary header. (c1174e38)
2025-01-08T15:42:55.6025096+07:00 0HN9FNSRP2A4B:0000000A [INF] Vary header generated: Accept, Accept-Language, Accept-Encoding. (e081213a)
2025-01-08T15:42:57.6912154+07:00 0HN9FNSRP2A4B:0000000B [INF] Checking for conditional GET/HEAD. (7e2efcb6)
2025-01-08T15:42:57.6912649+07:00 0HN9FNSRP2A4B:0000000B [INF] Not valid - no If-None-Match or If-Modified-Since headers. (00e43d04)
2025-01-08T15:42:57.6912710+07:00 0HN9FNSRP2A4B:0000000B [INF] Don't generate 304 - Not Modified.  Continue. (b6a7d473)
2025-01-08T15:42:57.6912767+07:00 0HN9FNSRP2A4B:0000000B [INF] Checking for conditional PUT/PATCH. (bf3cf9be)
2025-01-08T15:42:57.6912809+07:00 0HN9FNSRP2A4B:0000000B [INF] Not valid - method isn't PUT or PATCH. (671cb4f2)
2025-01-08T15:42:57.6912840+07:00 0HN9FNSRP2A4B:0000000B [INF] Don't generate 412 - Precondition Failed.  Continue. (08bc4a18)
2025-01-08T15:42:57.7113246+07:00 0HN9FNSRP2A4B:0000000B [INF] Generating expiration headers. (97875003)
2025-01-08T15:42:57.7113954+07:00 0HN9FNSRP2A4B:0000000B [INF] Expiration headers generated. Expires: Wed, 08 Jan 2025 08:42:57 GMT. Cache-Control: private,max-age=0,no-store,no-cache,must-revalidate. (57307ce9)
2025-01-08T15:42:57.7114097+07:00 0HN9FNSRP2A4B:0000000B [INF] Generating Validation headers. (20c08f55)
2025-01-08T15:42:57.7118265+07:00 0HN9FNSRP2A4B:0000000B [INF] Validation headers generated. ETag: Strong, "8F962AB39D2BC2F29D9CD8364477E016". Last-Modified: Wed, 08 Jan 2025 08:42:57 GMT (f82a21ff)
2025-01-08T15:42:57.7118415+07:00 0HN9FNSRP2A4B:0000000B [INF] Generating Vary header. (c1174e38)
2025-01-08T15:42:57.7118475+07:00 0HN9FNSRP2A4B:0000000B [INF] Vary header generated: Accept, Accept-Language, Accept-Encoding. (e081213a)
2025-01-08T15:43:35.6655923+07:00 0HN9FNSRP2A4B:0000000C [INF] Checking for conditional GET/HEAD. (7e2efcb6)
2025-01-08T15:43:35.6656362+07:00 0HN9FNSRP2A4B:0000000C [INF] Not valid - no If-None-Match or If-Modified-Since headers. (00e43d04)
2025-01-08T15:43:35.6656412+07:00 0HN9FNSRP2A4B:0000000C [INF] Don't generate 304 - Not Modified.  Continue. (b6a7d473)
2025-01-08T15:43:35.6656461+07:00 0HN9FNSRP2A4B:0000000C [INF] Checking for conditional PUT/PATCH. (bf3cf9be)
2025-01-08T15:43:35.6656668+07:00 0HN9FNSRP2A4B:0000000C [INF] Not valid - method isn't PUT or PATCH. (671cb4f2)
2025-01-08T15:43:35.6656700+07:00 0HN9FNSRP2A4B:0000000C [INF] Don't generate 412 - Precondition Failed.  Continue. (08bc4a18)
2025-01-08T15:43:35.8155528+07:00 0HN9FNSRP2A4B:0000000C [INF] Generating expiration headers. (97875003)
2025-01-08T15:43:35.8156198+07:00 0HN9FNSRP2A4B:0000000C [INF] Expiration headers generated. Expires: Wed, 08 Jan 2025 08:43:35 GMT. Cache-Control: private,max-age=0,no-store,no-cache,must-revalidate. (187670ed)
2025-01-08T15:43:35.8156305+07:00 0HN9FNSRP2A4B:0000000C [INF] Generating Validation headers. (20c08f55)
2025-01-08T15:43:35.8160321+07:00 0HN9FNSRP2A4B:0000000C [INF] Validation headers generated. ETag: Strong, "EA2C6E6E83506668E5A35CEB44C281E2". Last-Modified: Wed, 08 Jan 2025 08:43:35 GMT (a9232c87)
2025-01-08T15:43:35.8160487+07:00 0HN9FNSRP2A4B:0000000C [INF] Generating Vary header. (c1174e38)
2025-01-08T15:43:35.8160554+07:00 0HN9FNSRP2A4B:0000000C [INF] Vary header generated: Accept, Accept-Language, Accept-Encoding. (e081213a)
2025-01-08T15:43:53.4080657+07:00 0HN9FNSRP2A4B:0000000D [INF] Checking for conditional GET/HEAD. (7e2efcb6)
2025-01-08T15:43:53.4081245+07:00 0HN9FNSRP2A4B:0000000D [INF] Not valid - no If-None-Match or If-Modified-Since headers. (00e43d04)
2025-01-08T15:43:53.4081302+07:00 0HN9FNSRP2A4B:0000000D [INF] Don't generate 304 - Not Modified.  Continue. (b6a7d473)
2025-01-08T15:43:53.4081358+07:00 0HN9FNSRP2A4B:0000000D [INF] Checking for conditional PUT/PATCH. (bf3cf9be)
2025-01-08T15:43:53.4081594+07:00 0HN9FNSRP2A4B:0000000D [INF] Not valid - method isn't PUT or PATCH. (671cb4f2)
2025-01-08T15:43:53.4081626+07:00 0HN9FNSRP2A4B:0000000D [INF] Don't generate 412 - Precondition Failed.  Continue. (08bc4a18)
2025-01-08T15:43:53.6123750+07:00 0HN9FNSRP2A4B:0000000D [INF] Generating expiration headers. (97875003)
2025-01-08T15:43:53.6124126+07:00 0HN9FNSRP2A4B:0000000D [INF] Expiration headers generated. Expires: Wed, 08 Jan 2025 08:43:53 GMT. Cache-Control: private,max-age=0,no-store,no-cache,must-revalidate. (120342e9)
2025-01-08T15:43:53.6124181+07:00 0HN9FNSRP2A4B:0000000D [INF] Generating Validation headers. (20c08f55)
2025-01-08T15:43:53.6127228+07:00 0HN9FNSRP2A4B:0000000D [INF] Validation headers generated. ETag: Strong, "0D44DB65683D21B64B1F8570CC4695B3". Last-Modified: Wed, 08 Jan 2025 08:43:53 GMT (8f768bf9)
2025-01-08T15:43:53.6127307+07:00 0HN9FNSRP2A4B:0000000D [INF] Generating Vary header. (c1174e38)
2025-01-08T15:43:53.6127348+07:00 0HN9FNSRP2A4B:0000000D [INF] Vary header generated: Accept, Accept-Language, Accept-Encoding. (e081213a)
2025-01-08T15:43:57.0311658+07:00 0HN9FNSRP2A4B:0000000E [INF] Checking for conditional GET/HEAD. (7e2efcb6)
2025-01-08T15:43:57.0312150+07:00 0HN9FNSRP2A4B:0000000E [INF] Not valid - no If-None-Match or If-Modified-Since headers. (00e43d04)
2025-01-08T15:43:57.0312211+07:00 0HN9FNSRP2A4B:0000000E [INF] Don't generate 304 - Not Modified.  Continue. (b6a7d473)
2025-01-08T15:43:57.0312262+07:00 0HN9FNSRP2A4B:0000000E [INF] Checking for conditional PUT/PATCH. (bf3cf9be)
2025-01-08T15:43:57.0312306+07:00 0HN9FNSRP2A4B:0000000E [INF] Not valid - method isn't PUT or PATCH. (671cb4f2)
2025-01-08T15:43:57.0312330+07:00 0HN9FNSRP2A4B:0000000E [INF] Don't generate 412 - Precondition Failed.  Continue. (08bc4a18)
2025-01-08T15:43:57.0782282+07:00 0HN9FNSRP2A4B:0000000E [INF] Generating expiration headers. (97875003)
2025-01-08T15:43:57.0782764+07:00 0HN9FNSRP2A4B:0000000E [INF] Expiration headers generated. Expires: Wed, 08 Jan 2025 08:43:57 GMT. Cache-Control: private,max-age=0,no-store,no-cache,must-revalidate. (aa2652b8)
2025-01-08T15:43:57.0782834+07:00 0HN9FNSRP2A4B:0000000E [INF] Generating Validation headers. (20c08f55)
2025-01-08T15:43:57.0804284+07:00 0HN9FNSRP2A4B:0000000E [INF] Validation headers generated. ETag: Strong, "778342A2593D23CFBF166D07B1FA3489". Last-Modified: Wed, 08 Jan 2025 08:43:57 GMT (600929c8)
2025-01-08T15:43:57.0804410+07:00 0HN9FNSRP2A4B:0000000E [INF] Generating Vary header. (c1174e38)
2025-01-08T15:43:57.0804465+07:00 0HN9FNSRP2A4B:0000000E [INF] Vary header generated: Accept, Accept-Language, Accept-Encoding. (e081213a)
2025-01-08T15:43:59.0112452+07:00 0HN9FNSRP2A4B:0000000F [INF] Checking for conditional GET/HEAD. (7e2efcb6)
2025-01-08T15:43:59.0112926+07:00 0HN9FNSRP2A4B:0000000F [INF] Not valid - no If-None-Match or If-Modified-Since headers. (00e43d04)
2025-01-08T15:43:59.0112978+07:00 0HN9FNSRP2A4B:0000000F [INF] Don't generate 304 - Not Modified.  Continue. (b6a7d473)
2025-01-08T15:43:59.0113027+07:00 0HN9FNSRP2A4B:0000000F [INF] Checking for conditional PUT/PATCH. (bf3cf9be)
2025-01-08T15:43:59.0113074+07:00 0HN9FNSRP2A4B:0000000F [INF] Not valid - method isn't PUT or PATCH. (671cb4f2)
2025-01-08T15:43:59.0113101+07:00 0HN9FNSRP2A4B:0000000F [INF] Don't generate 412 - Precondition Failed.  Continue. (08bc4a18)
2025-01-08T15:43:59.0357814+07:00 0HN9FNSRP2A4B:0000000F [INF] Generating expiration headers. (97875003)
2025-01-08T15:43:59.0358445+07:00 0HN9FNSRP2A4B:0000000F [INF] Expiration headers generated. Expires: Wed, 08 Jan 2025 08:43:59 GMT. Cache-Control: private,max-age=0,no-store,no-cache,must-revalidate. (23e1d8b3)
2025-01-08T15:43:59.0358517+07:00 0HN9FNSRP2A4B:0000000F [INF] Generating Validation headers. (20c08f55)
2025-01-08T15:43:59.0363306+07:00 0HN9FNSRP2A4B:0000000F [INF] Validation headers generated. ETag: Strong, "EF0BB22BC2B3437CB4C6765303E63FF4". Last-Modified: Wed, 08 Jan 2025 08:43:59 GMT (716b246c)
2025-01-08T15:43:59.0363485+07:00 0HN9FNSRP2A4B:0000000F [INF] Generating Vary header. (c1174e38)
2025-01-08T15:43:59.0363604+07:00 0HN9FNSRP2A4B:0000000F [INF] Vary header generated: Accept, Accept-Language, Accept-Encoding. (e081213a)
2025-01-08T15:44:01.3380551+07:00 0HN9FNSRP2A4B:00000010 [INF] Checking for conditional GET/HEAD. (7e2efcb6)
2025-01-08T15:44:01.3381240+07:00 0HN9FNSRP2A4B:00000010 [INF] Not valid - no If-None-Match or If-Modified-Since headers. (00e43d04)
2025-01-08T15:44:01.3381829+07:00 0HN9FNSRP2A4B:00000010 [INF] Don't generate 304 - Not Modified.  Continue. (b6a7d473)
2025-01-08T15:44:01.3381943+07:00 0HN9FNSRP2A4B:00000010 [INF] Checking for conditional PUT/PATCH. (bf3cf9be)
2025-01-08T15:44:01.3382112+07:00 0HN9FNSRP2A4B:00000010 [INF] Not valid - method isn't PUT or PATCH. (671cb4f2)
2025-01-08T15:44:01.3382150+07:00 0HN9FNSRP2A4B:00000010 [INF] Don't generate 412 - Precondition Failed.  Continue. (08bc4a18)
2025-01-08T15:44:01.3813165+07:00 0HN9FNSRP2A4B:00000010 [INF] Generating expiration headers. (97875003)
2025-01-08T15:44:01.3813593+07:00 0HN9FNSRP2A4B:00000010 [INF] Expiration headers generated. Expires: Wed, 08 Jan 2025 08:44:01 GMT. Cache-Control: private,max-age=0,no-store,no-cache,must-revalidate. (6674d3c9)
2025-01-08T15:44:01.3813656+07:00 0HN9FNSRP2A4B:00000010 [INF] Generating Validation headers. (20c08f55)
2025-01-08T15:44:01.3818228+07:00 0HN9FNSRP2A4B:00000010 [INF] Validation headers generated. ETag: Strong, "B017409B430C61487379A9456C06C83D". Last-Modified: Wed, 08 Jan 2025 08:44:01 GMT (fde8aab3)
2025-01-08T15:44:01.3818349+07:00 0HN9FNSRP2A4B:00000010 [INF] Generating Vary header. (c1174e38)
2025-01-08T15:44:01.3818413+07:00 0HN9FNSRP2A4B:00000010 [INF] Vary header generated: Accept, Accept-Language, Accept-Encoding. (e081213a)
